<?xml version="1.0" encoding="UTF-8"?>
<coverage generated="1502637714954" clover="3.2.0">
  <project timestamp="1502637714954" name="All files">
    <metrics statements="209" coveredstatements="183" conditionals="144" coveredconditionals="117" methods="17" coveredmethods="17" elements="370" coveredelements="317" complexity="0" loc="209" ncloc="209" packages="1" files="7" classes="7">
      <file name="Cardinal.js" path="/home/rahuldas/Desktop/Converter/src/Cardinal.js">
        <metrics statements="2" coveredstatements="2" conditionals="0" coveredconditionals="0" methods="2" coveredmethods="2"/>
        <line num="16" count="5" type="stmt"/>
        <line num="24" count="5" type="stmt"/>
      </file>
      <file name="Date.js" path="/home/rahuldas/Desktop/Converter/src/Date.js">
        <metrics statements="51" coveredstatements="48" conditionals="30" coveredconditionals="26" methods="3" coveredmethods="3"/>
        <line num="8" count="1" type="stmt"/>
        <line num="25" count="1" type="stmt"/>
        <line num="54" count="1" type="stmt"/>
        <line num="55" count="11" type="stmt"/>
        <line num="56" count="11" type="stmt"/>
        <line num="57" count="51" type="cond" truecount="2" falsecount="0"/>
        <line num="58" count="8" type="stmt"/>
        <line num="61" count="3" type="stmt"/>
        <line num="73" count="8" type="stmt"/>
        <line num="81" count="8" type="stmt"/>
        <line num="82" count="8" type="cond" truecount="2" falsecount="0"/>
        <line num="83" count="5" type="stmt"/>
        <line num="84" count="5" type="cond" truecount="2" falsecount="0"/>
        <line num="85" count="1" type="stmt"/>
        <line num="87" count="5" type="cond" truecount="2" falsecount="0"/>
        <line num="88" count="3" type="cond" truecount="1" falsecount="1"/>
        <line num="89" count="0" type="stmt"/>
        <line num="91" count="3" type="stmt"/>
        <line num="92" count="3" type="stmt"/>
        <line num="95" count="2" type="stmt"/>
        <line num="97" count="5" type="stmt"/>
        <line num="98" count="100" type="cond" truecount="2" falsecount="0"/>
        <line num="99" count="5" type="stmt"/>
        <line num="100" count="5" type="stmt"/>
        <line num="104" count="5" type="cond" truecount="2" falsecount="0"/>
        <line num="105" count="2" type="stmt"/>
        <line num="107" count="5" type="stmt"/>
        <line num="108" count="60" type="cond" truecount="2" falsecount="0"/>
        <line num="109" count="5" type="stmt"/>
        <line num="112" count="5" type="stmt"/>
        <line num="113" count="3" type="cond" truecount="1" falsecount="1"/>
        <line num="114" count="3" type="stmt"/>
        <line num="115" count="3" type="cond" truecount="2" falsecount="0"/>
        <line num="116" count="1" type="stmt"/>
        <line num="118" count="3" type="cond" truecount="2" falsecount="0"/>
        <line num="119" count="1" type="cond" truecount="1" falsecount="1"/>
        <line num="120" count="1" type="stmt"/>
        <line num="122" count="0" type="stmt"/>
        <line num="123" count="0" type="stmt"/>
        <line num="126" count="2" type="stmt"/>
        <line num="128" count="3" type="stmt"/>
        <line num="129" count="60" type="cond" truecount="2" falsecount="0"/>
        <line num="130" count="3" type="stmt"/>
        <line num="131" count="3" type="stmt"/>
        <line num="135" count="3" type="cond" truecount="1" falsecount="1"/>
        <line num="136" count="3" type="stmt"/>
        <line num="138" count="3" type="stmt"/>
        <line num="139" count="36" type="cond" truecount="2" falsecount="0"/>
        <line num="140" count="3" type="stmt"/>
        <line num="143" count="3" type="stmt"/>
        <line num="145" count="8" type="stmt"/>
      </file>
      <file name="Decimal_Fraction.js" path="/home/rahuldas/Desktop/Converter/src/Decimal_Fraction.js">
        <metrics statements="39" coveredstatements="29" conditionals="20" coveredconditionals="12" methods="3" coveredmethods="3"/>
        <line num="8" count="1" type="stmt"/>
        <line num="37" count="1" type="stmt"/>
        <line num="38" count="6" type="stmt"/>
        <line num="39" count="6" type="stmt"/>
        <line num="40" count="19" type="cond" truecount="2" falsecount="0"/>
        <line num="41" count="3" type="stmt"/>
        <line num="44" count="3" type="stmt"/>
        <line num="56" count="3" type="stmt"/>
        <line num="64" count="3" type="stmt"/>
        <line num="65" count="3" type="cond" truecount="2" falsecount="0"/>
        <line num="66" count="1" type="stmt"/>
        <line num="67" count="1" type="stmt"/>
        <line num="68" count="1" type="stmt"/>
        <line num="69" count="2" type="cond" truecount="2" falsecount="0"/>
        <line num="70" count="1" type="stmt"/>
        <line num="71" count="1" type="stmt"/>
        <line num="72" count="1" type="cond" truecount="1" falsecount="1"/>
        <line num="73" count="0" type="cond" truecount="0" falsecount="2"/>
        <line num="74" count="0" type="cond" truecount="0" falsecount="2"/>
        <line num="75" count="0" type="stmt"/>
        <line num="77" count="0" type="stmt"/>
        <line num="78" count="0" type="stmt"/>
        <line num="81" count="0" type="cond" truecount="0" falsecount="2"/>
        <line num="82" count="0" type="stmt"/>
        <line num="83" count="0" type="stmt"/>
        <line num="85" count="0" type="stmt"/>
        <line num="86" count="0" type="stmt"/>
        <line num="90" count="1" type="stmt"/>
        <line num="92" count="1" type="stmt"/>
        <line num="93" count="20" type="cond" truecount="2" falsecount="0"/>
        <line num="94" count="1" type="stmt"/>
        <line num="97" count="1" type="stmt"/>
        <line num="98" count="1" type="cond" truecount="1" falsecount="1"/>
        <line num="99" count="1" type="stmt"/>
        <line num="100" count="1" type="stmt"/>
        <line num="101" count="1" type="stmt"/>
        <line num="102" count="20" type="cond" truecount="2" falsecount="0"/>
        <line num="103" count="1" type="stmt"/>
        <line num="106" count="1" type="stmt"/>
      </file>
      <file name="Phone_Number.js" path="/home/rahuldas/Desktop/Converter/src/Phone_Number.js">
        <metrics statements="8" coveredstatements="8" conditionals="2" coveredconditionals="2" methods="2" coveredmethods="2"/>
        <line num="15" count="2" type="stmt"/>
        <line num="23" count="2" type="stmt"/>
        <line num="24" count="2" type="stmt"/>
        <line num="25" count="26" type="cond" truecount="2" falsecount="0"/>
        <line num="26" count="23" type="stmt"/>
        <line num="28" count="3" type="stmt"/>
        <line num="31" count="2" type="stmt"/>
        <line num="32" count="2" type="stmt"/>
      </file>
      <file name="Suffix-Prefix.js" path="/home/rahuldas/Desktop/Converter/src/Suffix-Prefix.js">
        <metrics statements="29" coveredstatements="26" conditionals="27" coveredconditionals="25" methods="2" coveredmethods="2"/>
        <line num="8" count="1" type="stmt"/>
        <line num="42" count="7" type="stmt"/>
        <line num="50" count="7" type="stmt"/>
        <line num="51" count="7" type="cond" truecount="7" falsecount="0"/>
        <line num="52" count="3" type="cond" truecount="2" falsecount="0"/>
        <line num="53" count="1" type="cond" truecount="1" falsecount="1"/>
        <line num="54" count="0" type="stmt"/>
        <line num="56" count="1" type="stmt"/>
        <line num="57" count="20" type="cond" truecount="2" falsecount="0"/>
        <line num="58" count="1" type="stmt"/>
        <line num="62" count="2" type="cond" truecount="2" falsecount="0"/>
        <line num="63" count="1" type="stmt"/>
        <line num="65" count="2" type="stmt"/>
        <line num="66" count="40" type="cond" truecount="2" falsecount="0"/>
        <line num="67" count="2" type="stmt"/>
        <line num="72" count="4" type="stmt"/>
        <line num="73" count="4" type="stmt"/>
        <line num="74" count="14" type="cond" truecount="2" falsecount="0"/>
        <line num="75" count="5" type="stmt"/>
        <line num="76" count="5" type="cond" truecount="2" falsecount="0"/>
        <line num="77" count="2" type="stmt"/>
        <line num="80" count="9" type="cond" truecount="2" falsecount="0"/>
        <line num="81" count="7" type="stmt"/>
        <line num="82" count="2" type="cond" truecount="3" falsecount="1"/>
        <line num="83" count="0" type="stmt"/>
        <line num="84" count="0" type="stmt"/>
        <line num="86" count="2" type="stmt"/>
        <line num="87" count="2" type="stmt"/>
        <line num="92" count="7" type="stmt"/>
      </file>
      <file name="Time.js" path="/home/rahuldas/Desktop/Converter/src/Time.js">
        <metrics statements="37" coveredstatements="30" conditionals="18" coveredconditionals="13" methods="4" coveredmethods="4"/>
        <line num="12" count="1" type="stmt"/>
        <line num="13" count="68" type="stmt"/>
        <line num="14" count="136" type="cond" truecount="2" falsecount="0"/>
        <line num="15" count="17" type="stmt"/>
        <line num="18" count="51" type="stmt"/>
        <line num="26" count="1" type="stmt"/>
        <line num="27" count="11" type="stmt"/>
        <line num="28" count="11" type="stmt"/>
        <line num="29" count="11" type="stmt"/>
        <line num="30" count="68" type="cond" truecount="2" falsecount="0"/>
        <line num="31" count="17" type="stmt"/>
        <line num="32" count="17" type="cond" truecount="3" falsecount="1"/>
        <line num="33" count="17" type="stmt"/>
        <line num="34" count="17" type="stmt"/>
        <line num="35" count="17" type="stmt"/>
        <line num="37" count="0" type="stmt"/>
        <line num="38" count="0" type="stmt"/>
        <line num="42" count="11" type="cond" truecount="1" falsecount="1"/>
        <line num="43" count="11" type="stmt"/>
        <line num="49" count="0" type="stmt"/>
        <line num="64" count="2" type="stmt"/>
        <line num="72" count="2" type="cond" truecount="1" falsecount="1"/>
        <line num="73" count="2" type="stmt"/>
        <line num="74" count="2" type="stmt"/>
        <line num="79" count="2" type="cond" truecount="2" falsecount="0"/>
        <line num="80" count="1" type="stmt"/>
        <line num="81" count="3" type="cond" truecount="1" falsecount="1"/>
        <line num="82" count="0" type="stmt"/>
        <line num="83" count="0" type="stmt"/>
        <line num="85" count="3" type="stmt"/>
        <line num="86" count="3" type="stmt"/>
        <line num="90" count="1" type="stmt"/>
        <line num="91" count="2" type="cond" truecount="1" falsecount="1"/>
        <line num="92" count="0" type="stmt"/>
        <line num="94" count="2" type="stmt"/>
        <line num="98" count="2" type="stmt"/>
        <line num="100" count="0" type="stmt"/>
      </file>
      <file name="n2w.js" path="/home/rahuldas/Desktop/Converter/src/n2w.js">
        <metrics statements="43" coveredstatements="40" conditionals="47" coveredconditionals="39" methods="1" coveredmethods="1"/>
        <line num="4" count="6" type="stmt"/>
        <line num="77" count="53" type="stmt"/>
        <line num="78" count="53" type="stmt"/>
        <line num="79" count="53" type="stmt"/>
        <line num="80" count="102" type="stmt"/>
        <line num="82" count="53" type="stmt"/>
        <line num="83" count="102" type="cond" truecount="2" falsecount="0"/>
        <line num="84" count="13" type="stmt"/>
        <line num="85" count="364" type="cond" truecount="2" falsecount="0"/>
        <line num="86" count="4" type="stmt"/>
        <line num="90" count="89" type="cond" truecount="2" falsecount="0"/>
        <line num="91" count="24" type="cond" truecount="2" falsecount="0"/>
        <line num="92" count="14" type="stmt"/>
        <line num="93" count="112" type="cond" truecount="2" falsecount="0"/>
        <line num="94" count="10" type="cond" truecount="4" falsecount="0"/>
        <line num="95" count="1" type="stmt"/>
        <line num="98" count="9" type="stmt"/>
        <line num="104" count="10" type="cond" truecount="1" falsecount="1"/>
        <line num="105" count="10" type="stmt"/>
        <line num="106" count="280" type="cond" truecount="2" falsecount="0"/>
        <line num="107" count="10" type="cond" truecount="4" falsecount="0"/>
        <line num="108" count="7" type="stmt"/>
        <line num="109" count="7" type="stmt"/>
        <line num="112" count="3" type="stmt"/>
        <line num="113" count="3" type="stmt"/>
        <line num="119" count="0" type="cond" truecount="0" falsecount="4"/>
        <line num="120" count="0" type="stmt"/>
        <line num="123" count="0" type="stmt"/>
        <line num="129" count="65" type="cond" truecount="2" falsecount="0"/>
        <line num="130" count="45" type="stmt"/>
        <line num="131" count="1260" type="cond" truecount="2" falsecount="0"/>
        <line num="132" count="45" type="cond" truecount="4" falsecount="0"/>
        <line num="133" count="3" type="stmt"/>
        <line num="136" count="42" type="stmt"/>
        <line num="142" count="20" type="cond" truecount="4" falsecount="0"/>
        <line num="143" count="3" type="stmt"/>
        <line num="145" count="65" type="stmt"/>
        <line num="146" count="390" type="cond" truecount="2" falsecount="0"/>
        <line num="147" count="12" type="cond" truecount="3" falsecount="2"/>
        <line num="148" count="12" type="stmt"/>
        <line num="153" count="53" type="cond" truecount="1" falsecount="1"/>
        <line num="154" count="53" type="stmt"/>
        <line num="156" count="53" type="stmt"/>
      </file>
    </metrics>
  </project>
</coverage>
