{"/home/rahuldas/Desktop/Converter/src/Cardinal.js": {"path":"/home/rahuldas/Desktop/Converter/src/Cardinal.js","statementMap":{"0":{"start":{"line":16,"column":4},"end":{"line":16,"column":29}},"1":{"start":{"line":24,"column":4},"end":{"line":24,"column":35}}},"fnMap":{"0":{"name":"(anonymous_0)","decl":{"start":{"line":15,"column":2},"end":{"line":15,"column":3}},"loc":{"start":{"line":15,"column":20},"end":{"line":17,"column":3}},"line":15},"1":{"name":"(anonymous_1)","decl":{"start":{"line":23,"column":2},"end":{"line":23,"column":3}},"loc":{"start":{"line":23,"column":15},"end":{"line":25,"column":3}},"line":23}},"branchMap":{},"s":{"0":5,"1":5},"f":{"0":5,"1":5},"b":{},"_coverageSchema":"332fd63041d2c1bcb487cc26dd0d5f7d97098a6c","hash":"15ac7f753dd5716eb6dd8bbbb00d8b022e256068"}
,"/home/rahuldas/Desktop/Converter/src/Date.js": {"path":"/home/rahuldas/Desktop/Converter/src/Date.js","statementMap":{"0":{"start":{"line":8,"column":11},"end":{"line":21,"column":1}},"1":{"start":{"line":25,"column":15},"end":{"line":46,"column":1}},"2":{"start":{"line":54,"column":0},"end":{"line":62,"column":2}},"3":{"start":{"line":55,"column":17},"end":{"line":55,"column":31}},"4":{"start":{"line":56,"column":2},"end":{"line":60,"column":3}},"5":{"start":{"line":57,"column":4},"end":{"line":59,"column":5}},"6":{"start":{"line":58,"column":6},"end":{"line":58,"column":18}},"7":{"start":{"line":61,"column":2},"end":{"line":61,"column":15}},"8":{"start":{"line":73,"column":4},"end":{"line":73,"column":20}},"9":{"start":{"line":81,"column":20},"end":{"line":81,"column":22}},"10":{"start":{"line":81,"column":37},"end":{"line":81,"column":39}},"11":{"start":{"line":82,"column":4},"end":{"line":144,"column":5}},"12":{"start":{"line":83,"column":21},"end":{"line":83,"column":41}},"13":{"start":{"line":84,"column":6},"end":{"line":86,"column":7}},"14":{"start":{"line":85,"column":8},"end":{"line":85,"column":43}},"15":{"start":{"line":87,"column":6},"end":{"line":96,"column":7}},"16":{"start":{"line":88,"column":8},"end":{"line":93,"column":9}},"17":{"start":{"line":89,"column":10},"end":{"line":89,"column":35}},"18":{"start":{"line":91,"column":10},"end":{"line":91,"column":64}},"19":{"start":{"line":92,"column":10},"end":{"line":92,"column":45}},"20":{"start":{"line":95,"column":8},"end":{"line":95,"column":34}},"21":{"start":{"line":97,"column":6},"end":{"line":102,"column":7}},"22":{"start":{"line":98,"column":8},"end":{"line":101,"column":9}},"23":{"start":{"line":99,"column":10},"end":{"line":99,"column":34}},"24":{"start":{"line":100,"column":10},"end":{"line":100,"column":26}},"25":{"start":{"line":104,"column":6},"end":{"line":106,"column":7}},"26":{"start":{"line":105,"column":8},"end":{"line":105,"column":43}},"27":{"start":{"line":107,"column":6},"end":{"line":111,"column":7}},"28":{"start":{"line":108,"column":8},"end":{"line":110,"column":9}},"29":{"start":{"line":109,"column":10},"end":{"line":109,"column":40}},"30":{"start":{"line":112,"column":6},"end":{"line":112,"column":36}},"31":{"start":{"line":113,"column":11},"end":{"line":144,"column":5}},"32":{"start":{"line":114,"column":21},"end":{"line":114,"column":41}},"33":{"start":{"line":115,"column":6},"end":{"line":117,"column":7}},"34":{"start":{"line":116,"column":8},"end":{"line":116,"column":43}},"35":{"start":{"line":118,"column":6},"end":{"line":127,"column":7}},"36":{"start":{"line":119,"column":8},"end":{"line":124,"column":9}},"37":{"start":{"line":120,"column":10},"end":{"line":120,"column":35}},"38":{"start":{"line":122,"column":10},"end":{"line":122,"column":64}},"39":{"start":{"line":123,"column":10},"end":{"line":123,"column":45}},"40":{"start":{"line":126,"column":8},"end":{"line":126,"column":34}},"41":{"start":{"line":128,"column":6},"end":{"line":133,"column":7}},"42":{"start":{"line":129,"column":8},"end":{"line":132,"column":9}},"43":{"start":{"line":130,"column":10},"end":{"line":130,"column":34}},"44":{"start":{"line":131,"column":10},"end":{"line":131,"column":26}},"45":{"start":{"line":135,"column":6},"end":{"line":137,"column":7}},"46":{"start":{"line":136,"column":8},"end":{"line":136,"column":43}},"47":{"start":{"line":138,"column":6},"end":{"line":142,"column":7}},"48":{"start":{"line":139,"column":8},"end":{"line":141,"column":9}},"49":{"start":{"line":140,"column":10},"end":{"line":140,"column":40}},"50":{"start":{"line":143,"column":6},"end":{"line":143,"column":36}},"51":{"start":{"line":145,"column":4},"end":{"line":145,"column":21}}},"fnMap":{"0":{"name":"(anonymous_0)","decl":{"start":{"line":54,"column":28},"end":{"line":54,"column":29}},"loc":{"start":{"line":54,"column":47},"end":{"line":62,"column":1}},"line":54},"1":{"name":"(anonymous_1)","decl":{"start":{"line":72,"column":2},"end":{"line":72,"column":3}},"loc":{"start":{"line":72,"column":20},"end":{"line":74,"column":3}},"line":72},"2":{"name":"(anonymous_2)","decl":{"start":{"line":80,"column":2},"end":{"line":80,"column":3}},"loc":{"start":{"line":80,"column":13},"end":{"line":146,"column":3}},"line":80}},"branchMap":{"0":{"loc":{"start":{"line":57,"column":4},"end":{"line":59,"column":5}},"type":"if","locations":[{"start":{"line":57,"column":4},"end":{"line":59,"column":5}},{"start":{"line":57,"column":4},"end":{"line":59,"column":5}}],"line":57},"1":{"loc":{"start":{"line":82,"column":4},"end":{"line":144,"column":5}},"type":"if","locations":[{"start":{"line":82,"column":4},"end":{"line":144,"column":5}},{"start":{"line":82,"column":4},"end":{"line":144,"column":5}}],"line":82},"2":{"loc":{"start":{"line":84,"column":6},"end":{"line":86,"column":7}},"type":"if","locations":[{"start":{"line":84,"column":6},"end":{"line":86,"column":7}},{"start":{"line":84,"column":6},"end":{"line":86,"column":7}}],"line":84},"3":{"loc":{"start":{"line":87,"column":6},"end":{"line":96,"column":7}},"type":"if","locations":[{"start":{"line":87,"column":6},"end":{"line":96,"column":7}},{"start":{"line":87,"column":6},"end":{"line":96,"column":7}}],"line":87},"4":{"loc":{"start":{"line":88,"column":8},"end":{"line":93,"column":9}},"type":"if","locations":[{"start":{"line":88,"column":8},"end":{"line":93,"column":9}},{"start":{"line":88,"column":8},"end":{"line":93,"column":9}}],"line":88},"5":{"loc":{"start":{"line":98,"column":8},"end":{"line":101,"column":9}},"type":"if","locations":[{"start":{"line":98,"column":8},"end":{"line":101,"column":9}},{"start":{"line":98,"column":8},"end":{"line":101,"column":9}}],"line":98},"6":{"loc":{"start":{"line":104,"column":6},"end":{"line":106,"column":7}},"type":"if","locations":[{"start":{"line":104,"column":6},"end":{"line":106,"column":7}},{"start":{"line":104,"column":6},"end":{"line":106,"column":7}}],"line":104},"7":{"loc":{"start":{"line":108,"column":8},"end":{"line":110,"column":9}},"type":"if","locations":[{"start":{"line":108,"column":8},"end":{"line":110,"column":9}},{"start":{"line":108,"column":8},"end":{"line":110,"column":9}}],"line":108},"8":{"loc":{"start":{"line":113,"column":11},"end":{"line":144,"column":5}},"type":"if","locations":[{"start":{"line":113,"column":11},"end":{"line":144,"column":5}},{"start":{"line":113,"column":11},"end":{"line":144,"column":5}}],"line":113},"9":{"loc":{"start":{"line":115,"column":6},"end":{"line":117,"column":7}},"type":"if","locations":[{"start":{"line":115,"column":6},"end":{"line":117,"column":7}},{"start":{"line":115,"column":6},"end":{"line":117,"column":7}}],"line":115},"10":{"loc":{"start":{"line":118,"column":6},"end":{"line":127,"column":7}},"type":"if","locations":[{"start":{"line":118,"column":6},"end":{"line":127,"column":7}},{"start":{"line":118,"column":6},"end":{"line":127,"column":7}}],"line":118},"11":{"loc":{"start":{"line":119,"column":8},"end":{"line":124,"column":9}},"type":"if","locations":[{"start":{"line":119,"column":8},"end":{"line":124,"column":9}},{"start":{"line":119,"column":8},"end":{"line":124,"column":9}}],"line":119},"12":{"loc":{"start":{"line":129,"column":8},"end":{"line":132,"column":9}},"type":"if","locations":[{"start":{"line":129,"column":8},"end":{"line":132,"column":9}},{"start":{"line":129,"column":8},"end":{"line":132,"column":9}}],"line":129},"13":{"loc":{"start":{"line":135,"column":6},"end":{"line":137,"column":7}},"type":"if","locations":[{"start":{"line":135,"column":6},"end":{"line":137,"column":7}},{"start":{"line":135,"column":6},"end":{"line":137,"column":7}}],"line":135},"14":{"loc":{"start":{"line":139,"column":8},"end":{"line":141,"column":9}},"type":"if","locations":[{"start":{"line":139,"column":8},"end":{"line":141,"column":9}},{"start":{"line":139,"column":8},"end":{"line":141,"column":9}}],"line":139}},"s":{"0":1,"1":1,"2":1,"3":11,"4":11,"5":51,"6":8,"7":3,"8":8,"9":8,"10":8,"11":8,"12":5,"13":5,"14":1,"15":5,"16":3,"17":0,"18":3,"19":3,"20":2,"21":5,"22":100,"23":5,"24":5,"25":5,"26":2,"27":5,"28":60,"29":5,"30":5,"31":3,"32":3,"33":3,"34":1,"35":3,"36":1,"37":1,"38":0,"39":0,"40":2,"41":3,"42":60,"43":3,"44":3,"45":3,"46":3,"47":3,"48":36,"49":3,"50":3,"51":8},"f":{"0":11,"1":8,"2":8},"b":{"0":[8,43],"1":[5,3],"2":[1,4],"3":[3,2],"4":[0,3],"5":[5,95],"6":[2,3],"7":[5,55],"8":[3,0],"9":[1,2],"10":[1,2],"11":[1,0],"12":[3,57],"13":[3,0],"14":[3,33]},"_coverageSchema":"332fd63041d2c1bcb487cc26dd0d5f7d97098a6c","hash":"cc42b1dd6ea79a022c8849597a9d969ccc4e3f4f"}
,"/home/rahuldas/Desktop/Converter/src/Decimal_Fraction.js": {"path":"/home/rahuldas/Desktop/Converter/src/Decimal_Fraction.js","statementMap":{"0":{"start":{"line":8,"column":15},"end":{"line":29,"column":1}},"1":{"start":{"line":37,"column":0},"end":{"line":45,"column":2}},"2":{"start":{"line":38,"column":17},"end":{"line":38,"column":31}},"3":{"start":{"line":39,"column":2},"end":{"line":43,"column":3}},"4":{"start":{"line":40,"column":4},"end":{"line":42,"column":5}},"5":{"start":{"line":41,"column":6},"end":{"line":41,"column":18}},"6":{"start":{"line":44,"column":2},"end":{"line":44,"column":15}},"7":{"start":{"line":56,"column":4},"end":{"line":56,"column":19}},"8":{"start":{"line":64,"column":20},"end":{"line":64,"column":22}},"9":{"start":{"line":65,"column":4},"end":{"line":107,"column":5}},"10":{"start":{"line":66,"column":21},"end":{"line":66,"column":40}},"11":{"start":{"line":67,"column":6},"end":{"line":67,"column":67}},"12":{"start":{"line":68,"column":6},"end":{"line":68,"column":23}},"13":{"start":{"line":69,"column":11},"end":{"line":107,"column":5}},"14":{"start":{"line":70,"column":21},"end":{"line":70,"column":40}},"15":{"start":{"line":70,"column":55},"end":{"line":70,"column":57}},"16":{"start":{"line":71,"column":6},"end":{"line":71,"column":42}},"17":{"start":{"line":72,"column":6},"end":{"line":91,"column":7}},"18":{"start":{"line":73,"column":8},"end":{"line":88,"column":9}},"19":{"start":{"line":74,"column":10},"end":{"line":79,"column":11}},"20":{"start":{"line":75,"column":12},"end":{"line":75,"column":37}},"21":{"start":{"line":77,"column":12},"end":{"line":77,"column":66}},"22":{"start":{"line":78,"column":12},"end":{"line":78,"column":47}},"23":{"start":{"line":81,"column":10},"end":{"line":87,"column":11}},"24":{"start":{"line":82,"column":12},"end":{"line":82,"column":47}},"25":{"start":{"line":83,"column":12},"end":{"line":83,"column":88}},"26":{"start":{"line":85,"column":12},"end":{"line":85,"column":87}},"27":{"start":{"line":86,"column":12},"end":{"line":86,"column":47}},"28":{"start":{"line":90,"column":8},"end":{"line":90,"column":34}},"29":{"start":{"line":92,"column":6},"end":{"line":96,"column":7}},"30":{"start":{"line":93,"column":8},"end":{"line":95,"column":9}},"31":{"start":{"line":94,"column":10},"end":{"line":94,"column":28}},"32":{"start":{"line":97,"column":6},"end":{"line":97,"column":23}},"33":{"start":{"line":98,"column":11},"end":{"line":107,"column":5}},"34":{"start":{"line":99,"column":21},"end":{"line":99,"column":40}},"35":{"start":{"line":99,"column":54},"end":{"line":99,"column":56}},"36":{"start":{"line":100,"column":6},"end":{"line":100,"column":42}},"37":{"start":{"line":101,"column":6},"end":{"line":105,"column":7}},"38":{"start":{"line":102,"column":8},"end":{"line":104,"column":9}},"39":{"start":{"line":103,"column":10},"end":{"line":103,"column":28}},"40":{"start":{"line":106,"column":6},"end":{"line":106,"column":23}}},"fnMap":{"0":{"name":"(anonymous_0)","decl":{"start":{"line":37,"column":28},"end":{"line":37,"column":29}},"loc":{"start":{"line":37,"column":47},"end":{"line":45,"column":1}},"line":37},"1":{"name":"(anonymous_1)","decl":{"start":{"line":55,"column":2},"end":{"line":55,"column":3}},"loc":{"start":{"line":55,"column":20},"end":{"line":57,"column":3}},"line":55},"2":{"name":"(anonymous_2)","decl":{"start":{"line":63,"column":2},"end":{"line":63,"column":3}},"loc":{"start":{"line":63,"column":13},"end":{"line":108,"column":3}},"line":63}},"branchMap":{"0":{"loc":{"start":{"line":40,"column":4},"end":{"line":42,"column":5}},"type":"if","locations":[{"start":{"line":40,"column":4},"end":{"line":42,"column":5}},{"start":{"line":40,"column":4},"end":{"line":42,"column":5}}],"line":40},"1":{"loc":{"start":{"line":65,"column":4},"end":{"line":107,"column":5}},"type":"if","locations":[{"start":{"line":65,"column":4},"end":{"line":107,"column":5}},{"start":{"line":65,"column":4},"end":{"line":107,"column":5}}],"line":65},"2":{"loc":{"start":{"line":69,"column":11},"end":{"line":107,"column":5}},"type":"if","locations":[{"start":{"line":69,"column":11},"end":{"line":107,"column":5}},{"start":{"line":69,"column":11},"end":{"line":107,"column":5}}],"line":69},"3":{"loc":{"start":{"line":72,"column":6},"end":{"line":91,"column":7}},"type":"if","locations":[{"start":{"line":72,"column":6},"end":{"line":91,"column":7}},{"start":{"line":72,"column":6},"end":{"line":91,"column":7}}],"line":72},"4":{"loc":{"start":{"line":73,"column":8},"end":{"line":88,"column":9}},"type":"if","locations":[{"start":{"line":73,"column":8},"end":{"line":88,"column":9}},{"start":{"line":73,"column":8},"end":{"line":88,"column":9}}],"line":73},"5":{"loc":{"start":{"line":74,"column":10},"end":{"line":79,"column":11}},"type":"if","locations":[{"start":{"line":74,"column":10},"end":{"line":79,"column":11}},{"start":{"line":74,"column":10},"end":{"line":79,"column":11}}],"line":74},"6":{"loc":{"start":{"line":81,"column":10},"end":{"line":87,"column":11}},"type":"if","locations":[{"start":{"line":81,"column":10},"end":{"line":87,"column":11}},{"start":{"line":81,"column":10},"end":{"line":87,"column":11}}],"line":81},"7":{"loc":{"start":{"line":93,"column":8},"end":{"line":95,"column":9}},"type":"if","locations":[{"start":{"line":93,"column":8},"end":{"line":95,"column":9}},{"start":{"line":93,"column":8},"end":{"line":95,"column":9}}],"line":93},"8":{"loc":{"start":{"line":98,"column":11},"end":{"line":107,"column":5}},"type":"if","locations":[{"start":{"line":98,"column":11},"end":{"line":107,"column":5}},{"start":{"line":98,"column":11},"end":{"line":107,"column":5}}],"line":98},"9":{"loc":{"start":{"line":102,"column":8},"end":{"line":104,"column":9}},"type":"if","locations":[{"start":{"line":102,"column":8},"end":{"line":104,"column":9}},{"start":{"line":102,"column":8},"end":{"line":104,"column":9}}],"line":102}},"s":{"0":1,"1":1,"2":6,"3":6,"4":19,"5":3,"6":3,"7":3,"8":3,"9":3,"10":1,"11":1,"12":1,"13":2,"14":1,"15":1,"16":1,"17":1,"18":0,"19":0,"20":0,"21":0,"22":0,"23":0,"24":0,"25":0,"26":0,"27":0,"28":1,"29":1,"30":20,"31":1,"32":1,"33":1,"34":1,"35":1,"36":1,"37":1,"38":20,"39":1,"40":1},"f":{"0":6,"1":3,"2":3},"b":{"0":[3,16],"1":[1,2],"2":[1,1],"3":[0,1],"4":[0,0],"5":[0,0],"6":[0,0],"7":[1,19],"8":[1,0],"9":[1,19]},"_coverageSchema":"332fd63041d2c1bcb487cc26dd0d5f7d97098a6c","hash":"47faab3638ddcb533a79ee857507dd451906ba06"}
,"/home/rahuldas/Desktop/Converter/src/Phone_Number.js": {"path":"/home/rahuldas/Desktop/Converter/src/Phone_Number.js","statementMap":{"0":{"start":{"line":15,"column":4},"end":{"line":15,"column":19}},"1":{"start":{"line":23,"column":22},"end":{"line":23,"column":40}},"2":{"start":{"line":23,"column":54},"end":{"line":23,"column":56}},"3":{"start":{"line":24,"column":4},"end":{"line":30,"column":5}},"4":{"start":{"line":25,"column":6},"end":{"line":29,"column":7}},"5":{"start":{"line":26,"column":8},"end":{"line":26,"column":47}},"6":{"start":{"line":28,"column":8},"end":{"line":28,"column":42}},"7":{"start":{"line":31,"column":4},"end":{"line":31,"column":57}},"8":{"start":{"line":32,"column":4},"end":{"line":32,"column":21}}},"fnMap":{"0":{"name":"(anonymous_0)","decl":{"start":{"line":14,"column":2},"end":{"line":14,"column":3}},"loc":{"start":{"line":14,"column":20},"end":{"line":16,"column":3}},"line":14},"1":{"name":"(anonymous_1)","decl":{"start":{"line":22,"column":2},"end":{"line":22,"column":3}},"loc":{"start":{"line":22,"column":15},"end":{"line":33,"column":3}},"line":22}},"branchMap":{"0":{"loc":{"start":{"line":25,"column":6},"end":{"line":29,"column":7}},"type":"if","locations":[{"start":{"line":25,"column":6},"end":{"line":29,"column":7}},{"start":{"line":25,"column":6},"end":{"line":29,"column":7}}],"line":25}},"s":{"0":2,"1":2,"2":2,"3":2,"4":26,"5":23,"6":3,"7":2,"8":2},"f":{"0":2,"1":2},"b":{"0":[23,3]},"_coverageSchema":"332fd63041d2c1bcb487cc26dd0d5f7d97098a6c","hash":"b9cdef9bf8018aaf5d18d079e8b806b77d6e58c3"}
,"/home/rahuldas/Desktop/Converter/src/Suffix-Prefix.js": {"path":"/home/rahuldas/Desktop/Converter/src/Suffix-Prefix.js","statementMap":{"0":{"start":{"line":8,"column":15},"end":{"line":31,"column":1}},"1":{"start":{"line":42,"column":4},"end":{"line":42,"column":19}},"2":{"start":{"line":50,"column":20},"end":{"line":50,"column":22}},"3":{"start":{"line":51,"column":4},"end":{"line":91,"column":5}},"4":{"start":{"line":52,"column":6},"end":{"line":70,"column":7}},"5":{"start":{"line":53,"column":8},"end":{"line":55,"column":9}},"6":{"start":{"line":54,"column":10},"end":{"line":54,"column":79}},"7":{"start":{"line":56,"column":8},"end":{"line":60,"column":9}},"8":{"start":{"line":57,"column":10},"end":{"line":59,"column":11}},"9":{"start":{"line":58,"column":12},"end":{"line":58,"column":30}},"10":{"start":{"line":62,"column":8},"end":{"line":64,"column":9}},"11":{"start":{"line":63,"column":10},"end":{"line":63,"column":80}},"12":{"start":{"line":65,"column":8},"end":{"line":69,"column":9}},"13":{"start":{"line":66,"column":10},"end":{"line":68,"column":11}},"14":{"start":{"line":67,"column":12},"end":{"line":67,"column":30}},"15":{"start":{"line":72,"column":21},"end":{"line":72,"column":39}},"16":{"start":{"line":72,"column":54},"end":{"line":72,"column":56}},"17":{"start":{"line":73,"column":6},"end":{"line":90,"column":7}},"18":{"start":{"line":74,"column":8},"end":{"line":89,"column":9}},"19":{"start":{"line":75,"column":10},"end":{"line":75,"column":36}},"20":{"start":{"line":76,"column":10},"end":{"line":78,"column":11}},"21":{"start":{"line":77,"column":12},"end":{"line":77,"column":41}},"22":{"start":{"line":80,"column":10},"end":{"line":88,"column":11}},"23":{"start":{"line":81,"column":12},"end":{"line":81,"column":37}},"24":{"start":{"line":82,"column":17},"end":{"line":88,"column":11}},"25":{"start":{"line":83,"column":12},"end":{"line":83,"column":54}},"26":{"start":{"line":84,"column":12},"end":{"line":84,"column":28}},"27":{"start":{"line":86,"column":12},"end":{"line":86,"column":54}},"28":{"start":{"line":87,"column":12},"end":{"line":87,"column":28}},"29":{"start":{"line":92,"column":4},"end":{"line":92,"column":21}}},"fnMap":{"0":{"name":"(anonymous_0)","decl":{"start":{"line":41,"column":2},"end":{"line":41,"column":3}},"loc":{"start":{"line":41,"column":20},"end":{"line":43,"column":3}},"line":41},"1":{"name":"(anonymous_1)","decl":{"start":{"line":49,"column":2},"end":{"line":49,"column":3}},"loc":{"start":{"line":49,"column":13},"end":{"line":93,"column":3}},"line":49}},"branchMap":{"0":{"loc":{"start":{"line":51,"column":4},"end":{"line":91,"column":5}},"type":"if","locations":[{"start":{"line":51,"column":4},"end":{"line":91,"column":5}},{"start":{"line":51,"column":4},"end":{"line":91,"column":5}}],"line":51},"1":{"loc":{"start":{"line":51,"column":8},"end":{"line":51,"column":187}},"type":"binary-expr","locations":[{"start":{"line":51,"column":9},"end":{"line":51,"column":36}},{"start":{"line":51,"column":40},"end":{"line":51,"column":67}},{"start":{"line":51,"column":71},"end":{"line":51,"column":98}},{"start":{"line":51,"column":102},"end":{"line":51,"column":129}},{"start":{"line":51,"column":135},"end":{"line":51,"column":186}}],"line":51},"2":{"loc":{"start":{"line":52,"column":6},"end":{"line":70,"column":7}},"type":"if","locations":[{"start":{"line":52,"column":6},"end":{"line":70,"column":7}},{"start":{"line":52,"column":6},"end":{"line":70,"column":7}}],"line":52},"3":{"loc":{"start":{"line":53,"column":8},"end":{"line":55,"column":9}},"type":"if","locations":[{"start":{"line":53,"column":8},"end":{"line":55,"column":9}},{"start":{"line":53,"column":8},"end":{"line":55,"column":9}}],"line":53},"4":{"loc":{"start":{"line":57,"column":10},"end":{"line":59,"column":11}},"type":"if","locations":[{"start":{"line":57,"column":10},"end":{"line":59,"column":11}},{"start":{"line":57,"column":10},"end":{"line":59,"column":11}}],"line":57},"5":{"loc":{"start":{"line":62,"column":8},"end":{"line":64,"column":9}},"type":"if","locations":[{"start":{"line":62,"column":8},"end":{"line":64,"column":9}},{"start":{"line":62,"column":8},"end":{"line":64,"column":9}}],"line":62},"6":{"loc":{"start":{"line":66,"column":10},"end":{"line":68,"column":11}},"type":"if","locations":[{"start":{"line":66,"column":10},"end":{"line":68,"column":11}},{"start":{"line":66,"column":10},"end":{"line":68,"column":11}}],"line":66},"7":{"loc":{"start":{"line":74,"column":8},"end":{"line":89,"column":9}},"type":"if","locations":[{"start":{"line":74,"column":8},"end":{"line":89,"column":9}},{"start":{"line":74,"column":8},"end":{"line":89,"column":9}}],"line":74},"8":{"loc":{"start":{"line":76,"column":10},"end":{"line":78,"column":11}},"type":"if","locations":[{"start":{"line":76,"column":10},"end":{"line":78,"column":11}},{"start":{"line":76,"column":10},"end":{"line":78,"column":11}}],"line":76},"9":{"loc":{"start":{"line":80,"column":10},"end":{"line":88,"column":11}},"type":"if","locations":[{"start":{"line":80,"column":10},"end":{"line":88,"column":11}},{"start":{"line":80,"column":10},"end":{"line":88,"column":11}}],"line":80},"10":{"loc":{"start":{"line":82,"column":17},"end":{"line":88,"column":11}},"type":"if","locations":[{"start":{"line":82,"column":17},"end":{"line":88,"column":11}},{"start":{"line":82,"column":17},"end":{"line":88,"column":11}}],"line":82},"11":{"loc":{"start":{"line":82,"column":21},"end":{"line":82,"column":63}},"type":"binary-expr","locations":[{"start":{"line":82,"column":21},"end":{"line":82,"column":38}},{"start":{"line":82,"column":42},"end":{"line":82,"column":63}}],"line":82}},"s":{"0":1,"1":7,"2":7,"3":7,"4":3,"5":1,"6":0,"7":1,"8":20,"9":1,"10":2,"11":1,"12":2,"13":40,"14":2,"15":4,"16":4,"17":4,"18":14,"19":5,"20":5,"21":2,"22":9,"23":7,"24":2,"25":0,"26":0,"27":2,"28":2,"29":7},"f":{"0":7,"1":7},"b":{"0":[3,4],"1":[7,6,4,4,3],"2":[1,2],"3":[0,1],"4":[1,19],"5":[1,1],"6":[2,38],"7":[5,9],"8":[2,3],"9":[7,2],"10":[0,2],"11":[2,2]},"_coverageSchema":"332fd63041d2c1bcb487cc26dd0d5f7d97098a6c","hash":"511501eee333ab69c9d15355f4e18a110faf5890"}
,"/home/rahuldas/Desktop/Converter/src/Time.js": {"path":"/home/rahuldas/Desktop/Converter/src/Time.js","statementMap":{"0":{"start":{"line":12,"column":0},"end":{"line":19,"column":2}},"1":{"start":{"line":13,"column":2},"end":{"line":17,"column":3}},"2":{"start":{"line":14,"column":4},"end":{"line":16,"column":5}},"3":{"start":{"line":15,"column":6},"end":{"line":15,"column":18}},"4":{"start":{"line":18,"column":2},"end":{"line":18,"column":15}},"5":{"start":{"line":26,"column":0},"end":{"line":53,"column":2}},"6":{"start":{"line":27,"column":19},"end":{"line":27,"column":29}},"7":{"start":{"line":28,"column":20},"end":{"line":28,"column":34}},"8":{"start":{"line":28,"column":44},"end":{"line":28,"column":45}},"9":{"start":{"line":28,"column":54},"end":{"line":28,"column":55}},"10":{"start":{"line":29,"column":2},"end":{"line":41,"column":3}},"11":{"start":{"line":30,"column":4},"end":{"line":40,"column":5}},"12":{"start":{"line":31,"column":6},"end":{"line":31,"column":33}},"13":{"start":{"line":32,"column":6},"end":{"line":39,"column":7}},"14":{"start":{"line":33,"column":8},"end":{"line":33,"column":17}},"15":{"start":{"line":34,"column":8},"end":{"line":34,"column":39}},"16":{"start":{"line":35,"column":8},"end":{"line":35,"column":16}},"17":{"start":{"line":37,"column":8},"end":{"line":37,"column":17}},"18":{"start":{"line":38,"column":8},"end":{"line":38,"column":14}},"19":{"start":{"line":42,"column":2},"end":{"line":52,"column":3}},"20":{"start":{"line":43,"column":4},"end":{"line":47,"column":6}},"21":{"start":{"line":49,"column":4},"end":{"line":51,"column":6}},"22":{"start":{"line":64,"column":4},"end":{"line":64,"column":20}},"23":{"start":{"line":72,"column":4},"end":{"line":101,"column":5}},"24":{"start":{"line":73,"column":25},"end":{"line":73,"column":73}},"25":{"start":{"line":73,"column":88},"end":{"line":73,"column":90}},"26":{"start":{"line":73,"column":100},"end":{"line":73,"column":127}},"27":{"start":{"line":74,"column":24},"end":{"line":78,"column":7}},"28":{"start":{"line":79,"column":6},"end":{"line":97,"column":7}},"29":{"start":{"line":80,"column":8},"end":{"line":88,"column":9}},"30":{"start":{"line":81,"column":10},"end":{"line":87,"column":11}},"31":{"start":{"line":82,"column":12},"end":{"line":82,"column":20}},"32":{"start":{"line":83,"column":12},"end":{"line":83,"column":21}},"33":{"start":{"line":85,"column":12},"end":{"line":85,"column":108}},"34":{"start":{"line":86,"column":12},"end":{"line":86,"column":20}},"35":{"start":{"line":90,"column":8},"end":{"line":96,"column":9}},"36":{"start":{"line":91,"column":10},"end":{"line":95,"column":11}},"37":{"start":{"line":92,"column":12},"end":{"line":92,"column":21}},"38":{"start":{"line":94,"column":12},"end":{"line":94,"column":81}},"39":{"start":{"line":98,"column":6},"end":{"line":98,"column":56}},"40":{"start":{"line":100,"column":6},"end":{"line":100,"column":23}}},"fnMap":{"0":{"name":"(anonymous_0)","decl":{"start":{"line":12,"column":27},"end":{"line":12,"column":28}},"loc":{"start":{"line":12,"column":46},"end":{"line":19,"column":1}},"line":12},"1":{"name":"(anonymous_1)","decl":{"start":{"line":26,"column":29},"end":{"line":26,"column":30}},"loc":{"start":{"line":26,"column":41},"end":{"line":53,"column":1}},"line":26},"2":{"name":"(anonymous_2)","decl":{"start":{"line":63,"column":2},"end":{"line":63,"column":3}},"loc":{"start":{"line":63,"column":20},"end":{"line":65,"column":3}},"line":63},"3":{"name":"(anonymous_3)","decl":{"start":{"line":71,"column":2},"end":{"line":71,"column":3}},"loc":{"start":{"line":71,"column":17},"end":{"line":102,"column":3}},"line":71}},"branchMap":{"0":{"loc":{"start":{"line":14,"column":4},"end":{"line":16,"column":5}},"type":"if","locations":[{"start":{"line":14,"column":4},"end":{"line":16,"column":5}},{"start":{"line":14,"column":4},"end":{"line":16,"column":5}}],"line":14},"1":{"loc":{"start":{"line":30,"column":4},"end":{"line":40,"column":5}},"type":"if","locations":[{"start":{"line":30,"column":4},"end":{"line":40,"column":5}},{"start":{"line":30,"column":4},"end":{"line":40,"column":5}}],"line":30},"2":{"loc":{"start":{"line":32,"column":6},"end":{"line":39,"column":7}},"type":"if","locations":[{"start":{"line":32,"column":6},"end":{"line":39,"column":7}},{"start":{"line":32,"column":6},"end":{"line":39,"column":7}}],"line":32},"3":{"loc":{"start":{"line":32,"column":10},"end":{"line":32,"column":73}},"type":"binary-expr","locations":[{"start":{"line":32,"column":10},"end":{"line":32,"column":37}},{"start":{"line":32,"column":41},"end":{"line":32,"column":73}}],"line":32},"4":{"loc":{"start":{"line":42,"column":2},"end":{"line":52,"column":3}},"type":"if","locations":[{"start":{"line":42,"column":2},"end":{"line":52,"column":3}},{"start":{"line":42,"column":2},"end":{"line":52,"column":3}}],"line":42},"5":{"loc":{"start":{"line":72,"column":4},"end":{"line":101,"column":5}},"type":"if","locations":[{"start":{"line":72,"column":4},"end":{"line":101,"column":5}},{"start":{"line":72,"column":4},"end":{"line":101,"column":5}}],"line":72},"6":{"loc":{"start":{"line":79,"column":6},"end":{"line":97,"column":7}},"type":"if","locations":[{"start":{"line":79,"column":6},"end":{"line":97,"column":7}},{"start":{"line":79,"column":6},"end":{"line":97,"column":7}}],"line":79},"7":{"loc":{"start":{"line":81,"column":10},"end":{"line":87,"column":11}},"type":"if","locations":[{"start":{"line":81,"column":10},"end":{"line":87,"column":11}},{"start":{"line":81,"column":10},"end":{"line":87,"column":11}}],"line":81},"8":{"loc":{"start":{"line":91,"column":10},"end":{"line":95,"column":11}},"type":"if","locations":[{"start":{"line":91,"column":10},"end":{"line":95,"column":11}},{"start":{"line":91,"column":10},"end":{"line":95,"column":11}}],"line":91}},"s":{"0":1,"1":68,"2":136,"3":17,"4":51,"5":1,"6":11,"7":11,"8":11,"9":11,"10":11,"11":68,"12":17,"13":17,"14":17,"15":17,"16":17,"17":0,"18":0,"19":11,"20":11,"21":0,"22":2,"23":2,"24":2,"25":2,"26":2,"27":2,"28":2,"29":1,"30":3,"31":0,"32":0,"33":3,"34":3,"35":1,"36":2,"37":0,"38":2,"39":2,"40":0},"f":{"0":68,"1":11,"2":2,"3":2},"b":{"0":[17,119],"1":[17,51],"2":[17,0],"3":[17,6],"4":[11,0],"5":[2,0],"6":[1,1],"7":[0,3],"8":[0,2]},"_coverageSchema":"332fd63041d2c1bcb487cc26dd0d5f7d97098a6c","hash":"e667707ffb3d9c4baede69e480e70168ee9dfbb8"}
,"/home/rahuldas/Desktop/Converter/src/n2w.js": {"path":"/home/rahuldas/Desktop/Converter/src/n2w.js","statementMap":{"0":{"start":{"line":4,"column":14},"end":{"line":70,"column":13}},"1":{"start":{"line":77,"column":13},"end":{"line":77,"column":15}},"2":{"start":{"line":77,"column":25},"end":{"line":77,"column":27}},"3":{"start":{"line":78,"column":17},"end":{"line":78,"column":30}},"4":{"start":{"line":79,"column":4},"end":{"line":81,"column":5}},"5":{"start":{"line":80,"column":8},"end":{"line":80,"column":25}},"6":{"start":{"line":82,"column":3},"end":{"line":152,"column":4}},"7":{"start":{"line":83,"column":6},"end":{"line":151,"column":8}},"8":{"start":{"line":84,"column":11},"end":{"line":88,"column":12}},"9":{"start":{"line":85,"column":15},"end":{"line":87,"column":16}},"10":{"start":{"line":86,"column":19},"end":{"line":86,"column":45}},"11":{"start":{"line":90,"column":12},"end":{"line":151,"column":8}},"12":{"start":{"line":91,"column":11},"end":{"line":126,"column":12}},"13":{"start":{"line":92,"column":15},"end":{"line":101,"column":16}},"14":{"start":{"line":93,"column":18},"end":{"line":100,"column":19}},"15":{"start":{"line":94,"column":21},"end":{"line":99,"column":22}},"16":{"start":{"line":95,"column":24},"end":{"line":95,"column":60}},"17":{"start":{"line":98,"column":24},"end":{"line":98,"column":53}},"18":{"start":{"line":104,"column":15},"end":{"line":125,"column":17}},"19":{"start":{"line":105,"column":17},"end":{"line":116,"column":18}},"20":{"start":{"line":106,"column":19},"end":{"line":115,"column":20}},"21":{"start":{"line":107,"column":22},"end":{"line":114,"column":24}},"22":{"start":{"line":108,"column":24},"end":{"line":108,"column":47}},"23":{"start":{"line":109,"column":24},"end":{"line":109,"column":40}},"24":{"start":{"line":112,"column":24},"end":{"line":112,"column":40}},"25":{"start":{"line":113,"column":24},"end":{"line":113,"column":40}},"26":{"start":{"line":119,"column":18},"end":{"line":124,"column":19}},"27":{"start":{"line":120,"column":24},"end":{"line":120,"column":41}},"28":{"start":{"line":123,"column":20},"end":{"line":123,"column":34}},"29":{"start":{"line":129,"column":11},"end":{"line":144,"column":12}},"30":{"start":{"line":130,"column":14},"end":{"line":140,"column":15}},"31":{"start":{"line":131,"column":17},"end":{"line":139,"column":18}},"32":{"start":{"line":132,"column":20},"end":{"line":137,"column":21}},"33":{"start":{"line":133,"column":24},"end":{"line":133,"column":47}},"34":{"start":{"line":136,"column":24},"end":{"line":136,"column":40}},"35":{"start":{"line":142,"column":16},"end":{"line":144,"column":12}},"36":{"start":{"line":143,"column":16},"end":{"line":143,"column":30}},"37":{"start":{"line":145,"column":11},"end":{"line":150,"column":12}},"38":{"start":{"line":146,"column":13},"end":{"line":149,"column":14}},"39":{"start":{"line":147,"column":17},"end":{"line":148,"column":52}},"40":{"start":{"line":148,"column":19},"end":{"line":148,"column":52}},"41":{"start":{"line":153,"column":3},"end":{"line":155,"column":4}},"42":{"start":{"line":154,"column":5},"end":{"line":154,"column":38}},"43":{"start":{"line":156,"column":3},"end":{"line":156,"column":15}}},"fnMap":{"0":{"name":"(anonymous_0)","decl":{"start":{"line":76,"column":15},"end":{"line":76,"column":16}},"loc":{"start":{"line":76,"column":22},"end":{"line":157,"column":1}},"line":76}},"branchMap":{"0":{"loc":{"start":{"line":83,"column":6},"end":{"line":151,"column":8}},"type":"if","locations":[{"start":{"line":83,"column":6},"end":{"line":151,"column":8}},{"start":{"line":83,"column":6},"end":{"line":151,"column":8}}],"line":83},"1":{"loc":{"start":{"line":85,"column":15},"end":{"line":87,"column":16}},"type":"if","locations":[{"start":{"line":85,"column":15},"end":{"line":87,"column":16}},{"start":{"line":85,"column":15},"end":{"line":87,"column":16}}],"line":85},"2":{"loc":{"start":{"line":90,"column":12},"end":{"line":151,"column":8}},"type":"if","locations":[{"start":{"line":90,"column":12},"end":{"line":151,"column":8}},{"start":{"line":90,"column":12},"end":{"line":151,"column":8}}],"line":90},"3":{"loc":{"start":{"line":91,"column":11},"end":{"line":126,"column":12}},"type":"if","locations":[{"start":{"line":91,"column":11},"end":{"line":126,"column":12}},{"start":{"line":91,"column":11},"end":{"line":126,"column":12}}],"line":91},"4":{"loc":{"start":{"line":93,"column":18},"end":{"line":100,"column":19}},"type":"if","locations":[{"start":{"line":93,"column":18},"end":{"line":100,"column":19}},{"start":{"line":93,"column":18},"end":{"line":100,"column":19}}],"line":93},"5":{"loc":{"start":{"line":94,"column":21},"end":{"line":99,"column":22}},"type":"if","locations":[{"start":{"line":94,"column":21},"end":{"line":99,"column":22}},{"start":{"line":94,"column":21},"end":{"line":99,"column":22}}],"line":94},"6":{"loc":{"start":{"line":94,"column":24},"end":{"line":94,"column":107}},"type":"binary-expr","locations":[{"start":{"line":94,"column":24},"end":{"line":94,"column":63}},{"start":{"line":94,"column":67},"end":{"line":94,"column":107}}],"line":94},"7":{"loc":{"start":{"line":104,"column":15},"end":{"line":125,"column":17}},"type":"if","locations":[{"start":{"line":104,"column":15},"end":{"line":125,"column":17}},{"start":{"line":104,"column":15},"end":{"line":125,"column":17}}],"line":104},"8":{"loc":{"start":{"line":106,"column":19},"end":{"line":115,"column":20}},"type":"if","locations":[{"start":{"line":106,"column":19},"end":{"line":115,"column":20}},{"start":{"line":106,"column":19},"end":{"line":115,"column":20}}],"line":106},"9":{"loc":{"start":{"line":107,"column":22},"end":{"line":114,"column":24}},"type":"if","locations":[{"start":{"line":107,"column":22},"end":{"line":114,"column":24}},{"start":{"line":107,"column":22},"end":{"line":114,"column":24}}],"line":107},"10":{"loc":{"start":{"line":107,"column":25},"end":{"line":107,"column":108}},"type":"binary-expr","locations":[{"start":{"line":107,"column":25},"end":{"line":107,"column":64}},{"start":{"line":107,"column":68},"end":{"line":107,"column":108}}],"line":107},"11":{"loc":{"start":{"line":119,"column":18},"end":{"line":124,"column":19}},"type":"if","locations":[{"start":{"line":119,"column":18},"end":{"line":124,"column":19}},{"start":{"line":119,"column":18},"end":{"line":124,"column":19}}],"line":119},"12":{"loc":{"start":{"line":119,"column":21},"end":{"line":119,"column":104}},"type":"binary-expr","locations":[{"start":{"line":119,"column":21},"end":{"line":119,"column":60}},{"start":{"line":119,"column":64},"end":{"line":119,"column":104}}],"line":119},"13":{"loc":{"start":{"line":129,"column":11},"end":{"line":144,"column":12}},"type":"if","locations":[{"start":{"line":129,"column":11},"end":{"line":144,"column":12}},{"start":{"line":129,"column":11},"end":{"line":144,"column":12}}],"line":129},"14":{"loc":{"start":{"line":131,"column":17},"end":{"line":139,"column":18}},"type":"if","locations":[{"start":{"line":131,"column":17},"end":{"line":139,"column":18}},{"start":{"line":131,"column":17},"end":{"line":139,"column":18}}],"line":131},"15":{"loc":{"start":{"line":132,"column":20},"end":{"line":137,"column":21}},"type":"if","locations":[{"start":{"line":132,"column":20},"end":{"line":137,"column":21}},{"start":{"line":132,"column":20},"end":{"line":137,"column":21}}],"line":132},"16":{"loc":{"start":{"line":132,"column":23},"end":{"line":132,"column":106}},"type":"binary-expr","locations":[{"start":{"line":132,"column":23},"end":{"line":132,"column":62}},{"start":{"line":132,"column":66},"end":{"line":132,"column":106}}],"line":132},"17":{"loc":{"start":{"line":142,"column":16},"end":{"line":144,"column":12}},"type":"if","locations":[{"start":{"line":142,"column":16},"end":{"line":144,"column":12}},{"start":{"line":142,"column":16},"end":{"line":144,"column":12}}],"line":142},"18":{"loc":{"start":{"line":142,"column":19},"end":{"line":142,"column":63}},"type":"binary-expr","locations":[{"start":{"line":142,"column":19},"end":{"line":142,"column":38}},{"start":{"line":142,"column":42},"end":{"line":142,"column":63}}],"line":142},"19":{"loc":{"start":{"line":146,"column":13},"end":{"line":149,"column":14}},"type":"if","locations":[{"start":{"line":146,"column":13},"end":{"line":149,"column":14}},{"start":{"line":146,"column":13},"end":{"line":149,"column":14}}],"line":146},"20":{"loc":{"start":{"line":147,"column":17},"end":{"line":148,"column":52}},"type":"if","locations":[{"start":{"line":147,"column":17},"end":{"line":148,"column":52}},{"start":{"line":147,"column":17},"end":{"line":148,"column":52}}],"line":147},"21":{"loc":{"start":{"line":147,"column":20},"end":{"line":147,"column":74}},"type":"binary-expr","locations":[{"start":{"line":147,"column":20},"end":{"line":147,"column":34}},{"start":{"line":147,"column":38},"end":{"line":147,"column":54}},{"start":{"line":147,"column":58},"end":{"line":147,"column":74}}],"line":147},"22":{"loc":{"start":{"line":153,"column":3},"end":{"line":155,"column":4}},"type":"if","locations":[{"start":{"line":153,"column":3},"end":{"line":155,"column":4}},{"start":{"line":153,"column":3},"end":{"line":155,"column":4}}],"line":153}},"s":{"0":6,"1":53,"2":53,"3":53,"4":53,"5":102,"6":53,"7":102,"8":13,"9":364,"10":4,"11":89,"12":24,"13":14,"14":112,"15":10,"16":1,"17":9,"18":10,"19":10,"20":280,"21":10,"22":7,"23":7,"24":3,"25":3,"26":0,"27":0,"28":0,"29":65,"30":45,"31":1260,"32":45,"33":3,"34":42,"35":20,"36":3,"37":65,"38":390,"39":12,"40":12,"41":53,"42":53,"43":53},"f":{"0":53},"b":{"0":[13,89],"1":[4,360],"2":[24,65],"3":[14,10],"4":[10,102],"5":[1,9],"6":[10,9],"7":[10,0],"8":[10,270],"9":[7,3],"10":[10,8],"11":[0,0],"12":[0,0],"13":[45,20],"14":[45,1215],"15":[3,42],"16":[45,45],"17":[3,17],"18":[20,10],"19":[12,378],"20":[12,0],"21":[12,1,0],"22":[53,0]},"_coverageSchema":"332fd63041d2c1bcb487cc26dd0d5f7d97098a6c","hash":"d7aeb1b80a9ad5f02011627d3e9888444c9ad2bc"}
}
