{"/home/rahuldas/Desktop/Converter/src/Cardinal.js": {"path":"/home/rahuldas/Desktop/Converter/src/Cardinal.js","statementMap":{"0":{"start":{"line":4,"column":8},"end":{"line":4,"column":33}},"1":{"start":{"line":7,"column":8},"end":{"line":7,"column":39}}},"fnMap":{"0":{"name":"(anonymous_0)","decl":{"start":{"line":3,"column":4},"end":{"line":3,"column":5}},"loc":{"start":{"line":3,"column":20},"end":{"line":5,"column":5}},"line":3},"1":{"name":"(anonymous_1)","decl":{"start":{"line":6,"column":4},"end":{"line":6,"column":5}},"loc":{"start":{"line":6,"column":15},"end":{"line":8,"column":5}},"line":6}},"branchMap":{},"s":{"0":5,"1":5},"f":{"0":5,"1":5},"b":{},"_coverageSchema":"332fd63041d2c1bcb487cc26dd0d5f7d97098a6c","hash":"726f98dc48f06daf83bf0f27be1c7bc1f7cf48d9"}
,"/home/rahuldas/Desktop/Converter/src/Date.js": {"path":"/home/rahuldas/Desktop/Converter/src/Date.js","statementMap":{"0":{"start":{"line":2,"column":9},"end":{"line":15,"column":1}},"1":{"start":{"line":16,"column":13},"end":{"line":37,"column":16}},"2":{"start":{"line":38,"column":0},"end":{"line":46,"column":1}},"3":{"start":{"line":39,"column":17},"end":{"line":39,"column":31}},"4":{"start":{"line":40,"column":4},"end":{"line":44,"column":5}},"5":{"start":{"line":41,"column":8},"end":{"line":43,"column":9}},"6":{"start":{"line":42,"column":12},"end":{"line":42,"column":24}},"7":{"start":{"line":45,"column":4},"end":{"line":45,"column":17}},"8":{"start":{"line":49,"column":8},"end":{"line":49,"column":22}},"9":{"start":{"line":52,"column":22},"end":{"line":52,"column":24}},"10":{"start":{"line":52,"column":36},"end":{"line":52,"column":38}},"11":{"start":{"line":53,"column":8},"end":{"line":120,"column":9}},"12":{"start":{"line":54,"column":25},"end":{"line":54,"column":45}},"13":{"start":{"line":55,"column":12},"end":{"line":57,"column":13}},"14":{"start":{"line":56,"column":16},"end":{"line":56,"column":48}},"15":{"start":{"line":58,"column":12},"end":{"line":69,"column":13}},"16":{"start":{"line":59,"column":16},"end":{"line":65,"column":17}},"17":{"start":{"line":60,"column":20},"end":{"line":60,"column":43}},"18":{"start":{"line":63,"column":20},"end":{"line":63,"column":67}},"19":{"start":{"line":64,"column":20},"end":{"line":64,"column":53}},"20":{"start":{"line":68,"column":16},"end":{"line":68,"column":40}},"21":{"start":{"line":70,"column":12},"end":{"line":75,"column":13}},"22":{"start":{"line":71,"column":16},"end":{"line":74,"column":17}},"23":{"start":{"line":72,"column":24},"end":{"line":72,"column":44}},"24":{"start":{"line":73,"column":24},"end":{"line":73,"column":38}},"25":{"start":{"line":77,"column":12},"end":{"line":79,"column":13}},"26":{"start":{"line":78,"column":16},"end":{"line":78,"column":49}},"27":{"start":{"line":80,"column":12},"end":{"line":84,"column":13}},"28":{"start":{"line":81,"column":16},"end":{"line":83,"column":17}},"29":{"start":{"line":82,"column":20},"end":{"line":82,"column":46}},"30":{"start":{"line":85,"column":12},"end":{"line":85,"column":40}},"31":{"start":{"line":87,"column":13},"end":{"line":120,"column":9}},"32":{"start":{"line":88,"column":25},"end":{"line":88,"column":45}},"33":{"start":{"line":89,"column":12},"end":{"line":91,"column":13}},"34":{"start":{"line":90,"column":16},"end":{"line":90,"column":48}},"35":{"start":{"line":92,"column":12},"end":{"line":103,"column":13}},"36":{"start":{"line":93,"column":16},"end":{"line":99,"column":17}},"37":{"start":{"line":94,"column":20},"end":{"line":94,"column":43}},"38":{"start":{"line":97,"column":20},"end":{"line":97,"column":67}},"39":{"start":{"line":98,"column":20},"end":{"line":98,"column":53}},"40":{"start":{"line":102,"column":16},"end":{"line":102,"column":40}},"41":{"start":{"line":104,"column":12},"end":{"line":109,"column":13}},"42":{"start":{"line":105,"column":16},"end":{"line":108,"column":17}},"43":{"start":{"line":106,"column":24},"end":{"line":106,"column":44}},"44":{"start":{"line":107,"column":24},"end":{"line":107,"column":38}},"45":{"start":{"line":111,"column":12},"end":{"line":113,"column":13}},"46":{"start":{"line":112,"column":16},"end":{"line":112,"column":49}},"47":{"start":{"line":114,"column":12},"end":{"line":118,"column":13}},"48":{"start":{"line":115,"column":16},"end":{"line":117,"column":17}},"49":{"start":{"line":116,"column":20},"end":{"line":116,"column":46}},"50":{"start":{"line":119,"column":12},"end":{"line":119,"column":40}},"51":{"start":{"line":121,"column":8},"end":{"line":121,"column":25}}},"fnMap":{"0":{"name":"(anonymous_0)","decl":{"start":{"line":38,"column":26},"end":{"line":38,"column":27}},"loc":{"start":{"line":38,"column":43},"end":{"line":46,"column":1}},"line":38},"1":{"name":"(anonymous_1)","decl":{"start":{"line":48,"column":4},"end":{"line":48,"column":5}},"loc":{"start":{"line":48,"column":20},"end":{"line":50,"column":5}},"line":48},"2":{"name":"(anonymous_2)","decl":{"start":{"line":51,"column":4},"end":{"line":51,"column":5}},"loc":{"start":{"line":51,"column":13},"end":{"line":122,"column":5}},"line":51}},"branchMap":{"0":{"loc":{"start":{"line":41,"column":8},"end":{"line":43,"column":9}},"type":"if","locations":[{"start":{"line":41,"column":8},"end":{"line":43,"column":9}},{"start":{"line":41,"column":8},"end":{"line":43,"column":9}}],"line":41},"1":{"loc":{"start":{"line":53,"column":8},"end":{"line":120,"column":9}},"type":"if","locations":[{"start":{"line":53,"column":8},"end":{"line":120,"column":9}},{"start":{"line":53,"column":8},"end":{"line":120,"column":9}}],"line":53},"2":{"loc":{"start":{"line":55,"column":12},"end":{"line":57,"column":13}},"type":"if","locations":[{"start":{"line":55,"column":12},"end":{"line":57,"column":13}},{"start":{"line":55,"column":12},"end":{"line":57,"column":13}}],"line":55},"3":{"loc":{"start":{"line":58,"column":12},"end":{"line":69,"column":13}},"type":"if","locations":[{"start":{"line":58,"column":12},"end":{"line":69,"column":13}},{"start":{"line":58,"column":12},"end":{"line":69,"column":13}}],"line":58},"4":{"loc":{"start":{"line":59,"column":16},"end":{"line":65,"column":17}},"type":"if","locations":[{"start":{"line":59,"column":16},"end":{"line":65,"column":17}},{"start":{"line":59,"column":16},"end":{"line":65,"column":17}}],"line":59},"5":{"loc":{"start":{"line":71,"column":16},"end":{"line":74,"column":17}},"type":"if","locations":[{"start":{"line":71,"column":16},"end":{"line":74,"column":17}},{"start":{"line":71,"column":16},"end":{"line":74,"column":17}}],"line":71},"6":{"loc":{"start":{"line":77,"column":12},"end":{"line":79,"column":13}},"type":"if","locations":[{"start":{"line":77,"column":12},"end":{"line":79,"column":13}},{"start":{"line":77,"column":12},"end":{"line":79,"column":13}}],"line":77},"7":{"loc":{"start":{"line":81,"column":16},"end":{"line":83,"column":17}},"type":"if","locations":[{"start":{"line":81,"column":16},"end":{"line":83,"column":17}},{"start":{"line":81,"column":16},"end":{"line":83,"column":17}}],"line":81},"8":{"loc":{"start":{"line":87,"column":13},"end":{"line":120,"column":9}},"type":"if","locations":[{"start":{"line":87,"column":13},"end":{"line":120,"column":9}},{"start":{"line":87,"column":13},"end":{"line":120,"column":9}}],"line":87},"9":{"loc":{"start":{"line":89,"column":12},"end":{"line":91,"column":13}},"type":"if","locations":[{"start":{"line":89,"column":12},"end":{"line":91,"column":13}},{"start":{"line":89,"column":12},"end":{"line":91,"column":13}}],"line":89},"10":{"loc":{"start":{"line":92,"column":12},"end":{"line":103,"column":13}},"type":"if","locations":[{"start":{"line":92,"column":12},"end":{"line":103,"column":13}},{"start":{"line":92,"column":12},"end":{"line":103,"column":13}}],"line":92},"11":{"loc":{"start":{"line":93,"column":16},"end":{"line":99,"column":17}},"type":"if","locations":[{"start":{"line":93,"column":16},"end":{"line":99,"column":17}},{"start":{"line":93,"column":16},"end":{"line":99,"column":17}}],"line":93},"12":{"loc":{"start":{"line":105,"column":16},"end":{"line":108,"column":17}},"type":"if","locations":[{"start":{"line":105,"column":16},"end":{"line":108,"column":17}},{"start":{"line":105,"column":16},"end":{"line":108,"column":17}}],"line":105},"13":{"loc":{"start":{"line":111,"column":12},"end":{"line":113,"column":13}},"type":"if","locations":[{"start":{"line":111,"column":12},"end":{"line":113,"column":13}},{"start":{"line":111,"column":12},"end":{"line":113,"column":13}}],"line":111},"14":{"loc":{"start":{"line":115,"column":16},"end":{"line":117,"column":17}},"type":"if","locations":[{"start":{"line":115,"column":16},"end":{"line":117,"column":17}},{"start":{"line":115,"column":16},"end":{"line":117,"column":17}}],"line":115}},"s":{"0":1,"1":1,"2":1,"3":11,"4":11,"5":51,"6":8,"7":3,"8":8,"9":8,"10":8,"11":8,"12":5,"13":5,"14":1,"15":5,"16":3,"17":0,"18":3,"19":3,"20":2,"21":5,"22":100,"23":5,"24":5,"25":5,"26":2,"27":5,"28":60,"29":5,"30":5,"31":3,"32":3,"33":3,"34":1,"35":3,"36":1,"37":1,"38":0,"39":0,"40":2,"41":3,"42":60,"43":3,"44":3,"45":3,"46":3,"47":3,"48":36,"49":3,"50":3,"51":8},"f":{"0":11,"1":8,"2":8},"b":{"0":[8,43],"1":[5,3],"2":[1,4],"3":[3,2],"4":[0,3],"5":[5,95],"6":[2,3],"7":[5,55],"8":[3,0],"9":[1,2],"10":[1,2],"11":[1,0],"12":[3,57],"13":[3,0],"14":[3,33]},"_coverageSchema":"332fd63041d2c1bcb487cc26dd0d5f7d97098a6c","hash":"931d81eab7c92d27c9fdee475d7393d498912b30"}
,"/home/rahuldas/Desktop/Converter/src/Decimal_Fraction.js": {"path":"/home/rahuldas/Desktop/Converter/src/Decimal_Fraction.js","statementMap":{"0":{"start":{"line":2,"column":13},"end":{"line":23,"column":16}},"1":{"start":{"line":24,"column":0},"end":{"line":32,"column":1}},"2":{"start":{"line":25,"column":17},"end":{"line":25,"column":31}},"3":{"start":{"line":26,"column":4},"end":{"line":30,"column":5}},"4":{"start":{"line":27,"column":8},"end":{"line":29,"column":9}},"5":{"start":{"line":28,"column":12},"end":{"line":28,"column":24}},"6":{"start":{"line":31,"column":4},"end":{"line":31,"column":17}},"7":{"start":{"line":35,"column":8},"end":{"line":35,"column":21}},"8":{"start":{"line":38,"column":22},"end":{"line":38,"column":24}},"9":{"start":{"line":39,"column":8},"end":{"line":87,"column":9}},"10":{"start":{"line":40,"column":26},"end":{"line":40,"column":45}},"11":{"start":{"line":41,"column":11},"end":{"line":41,"column":66}},"12":{"start":{"line":42,"column":11},"end":{"line":42,"column":28}},"13":{"start":{"line":44,"column":13},"end":{"line":87,"column":9}},"14":{"start":{"line":45,"column":26},"end":{"line":45,"column":45}},"15":{"start":{"line":45,"column":57},"end":{"line":45,"column":59}},"16":{"start":{"line":46,"column":11},"end":{"line":46,"column":43}},"17":{"start":{"line":47,"column":11},"end":{"line":70,"column":12}},"18":{"start":{"line":48,"column":16},"end":{"line":66,"column":17}},"19":{"start":{"line":49,"column":24},"end":{"line":55,"column":25}},"20":{"start":{"line":50,"column":28},"end":{"line":50,"column":51}},"21":{"start":{"line":53,"column":28},"end":{"line":53,"column":75}},"22":{"start":{"line":54,"column":28},"end":{"line":54,"column":61}},"23":{"start":{"line":58,"column":20},"end":{"line":65,"column":25}},"24":{"start":{"line":59,"column":28},"end":{"line":59,"column":61}},"25":{"start":{"line":60,"column":28},"end":{"line":60,"column":95}},"26":{"start":{"line":63,"column":28},"end":{"line":63,"column":94}},"27":{"start":{"line":64,"column":28},"end":{"line":64,"column":61}},"28":{"start":{"line":69,"column":15},"end":{"line":69,"column":39}},"29":{"start":{"line":71,"column":11},"end":{"line":75,"column":12}},"30":{"start":{"line":72,"column":15},"end":{"line":74,"column":16}},"31":{"start":{"line":73,"column":20},"end":{"line":73,"column":36}},"32":{"start":{"line":76,"column":9},"end":{"line":76,"column":26}},"33":{"start":{"line":78,"column":13},"end":{"line":87,"column":9}},"34":{"start":{"line":79,"column":25},"end":{"line":79,"column":44}},"35":{"start":{"line":79,"column":55},"end":{"line":79,"column":57}},"36":{"start":{"line":80,"column":12},"end":{"line":80,"column":44}},"37":{"start":{"line":81,"column":12},"end":{"line":85,"column":13}},"38":{"start":{"line":82,"column":16},"end":{"line":84,"column":17}},"39":{"start":{"line":83,"column":20},"end":{"line":83,"column":36}},"40":{"start":{"line":86,"column":12},"end":{"line":86,"column":29}}},"fnMap":{"0":{"name":"(anonymous_0)","decl":{"start":{"line":24,"column":26},"end":{"line":24,"column":27}},"loc":{"start":{"line":24,"column":43},"end":{"line":32,"column":1}},"line":24},"1":{"name":"(anonymous_1)","decl":{"start":{"line":34,"column":4},"end":{"line":34,"column":5}},"loc":{"start":{"line":34,"column":20},"end":{"line":36,"column":5}},"line":34},"2":{"name":"(anonymous_2)","decl":{"start":{"line":37,"column":4},"end":{"line":37,"column":5}},"loc":{"start":{"line":37,"column":13},"end":{"line":88,"column":5}},"line":37}},"branchMap":{"0":{"loc":{"start":{"line":27,"column":8},"end":{"line":29,"column":9}},"type":"if","locations":[{"start":{"line":27,"column":8},"end":{"line":29,"column":9}},{"start":{"line":27,"column":8},"end":{"line":29,"column":9}}],"line":27},"1":{"loc":{"start":{"line":39,"column":8},"end":{"line":87,"column":9}},"type":"if","locations":[{"start":{"line":39,"column":8},"end":{"line":87,"column":9}},{"start":{"line":39,"column":8},"end":{"line":87,"column":9}}],"line":39},"2":{"loc":{"start":{"line":44,"column":13},"end":{"line":87,"column":9}},"type":"if","locations":[{"start":{"line":44,"column":13},"end":{"line":87,"column":9}},{"start":{"line":44,"column":13},"end":{"line":87,"column":9}}],"line":44},"3":{"loc":{"start":{"line":47,"column":11},"end":{"line":70,"column":12}},"type":"if","locations":[{"start":{"line":47,"column":11},"end":{"line":70,"column":12}},{"start":{"line":47,"column":11},"end":{"line":70,"column":12}}],"line":47},"4":{"loc":{"start":{"line":48,"column":16},"end":{"line":66,"column":17}},"type":"if","locations":[{"start":{"line":48,"column":16},"end":{"line":66,"column":17}},{"start":{"line":48,"column":16},"end":{"line":66,"column":17}}],"line":48},"5":{"loc":{"start":{"line":49,"column":24},"end":{"line":55,"column":25}},"type":"if","locations":[{"start":{"line":49,"column":24},"end":{"line":55,"column":25}},{"start":{"line":49,"column":24},"end":{"line":55,"column":25}}],"line":49},"6":{"loc":{"start":{"line":58,"column":20},"end":{"line":65,"column":25}},"type":"if","locations":[{"start":{"line":58,"column":20},"end":{"line":65,"column":25}},{"start":{"line":58,"column":20},"end":{"line":65,"column":25}}],"line":58},"7":{"loc":{"start":{"line":72,"column":15},"end":{"line":74,"column":16}},"type":"if","locations":[{"start":{"line":72,"column":15},"end":{"line":74,"column":16}},{"start":{"line":72,"column":15},"end":{"line":74,"column":16}}],"line":72},"8":{"loc":{"start":{"line":78,"column":13},"end":{"line":87,"column":9}},"type":"if","locations":[{"start":{"line":78,"column":13},"end":{"line":87,"column":9}},{"start":{"line":78,"column":13},"end":{"line":87,"column":9}}],"line":78},"9":{"loc":{"start":{"line":82,"column":16},"end":{"line":84,"column":17}},"type":"if","locations":[{"start":{"line":82,"column":16},"end":{"line":84,"column":17}},{"start":{"line":82,"column":16},"end":{"line":84,"column":17}}],"line":82}},"s":{"0":1,"1":1,"2":6,"3":6,"4":19,"5":3,"6":3,"7":3,"8":3,"9":3,"10":1,"11":1,"12":1,"13":2,"14":1,"15":1,"16":1,"17":1,"18":0,"19":0,"20":0,"21":0,"22":0,"23":0,"24":0,"25":0,"26":0,"27":0,"28":1,"29":1,"30":20,"31":1,"32":1,"33":1,"34":1,"35":1,"36":1,"37":1,"38":20,"39":1,"40":1},"f":{"0":6,"1":3,"2":3},"b":{"0":[3,16],"1":[1,2],"2":[1,1],"3":[0,1],"4":[0,0],"5":[0,0],"6":[0,0],"7":[1,19],"8":[1,0],"9":[1,19]},"_coverageSchema":"332fd63041d2c1bcb487cc26dd0d5f7d97098a6c","hash":"eea60726cbcf7a55f42eab485cce525877af40de"}
,"/home/rahuldas/Desktop/Converter/src/Phone_Number.js": {"path":"/home/rahuldas/Desktop/Converter/src/Phone_Number.js","statementMap":{"0":{"start":{"line":4,"column":8},"end":{"line":4,"column":21}},"1":{"start":{"line":7,"column":24},"end":{"line":7,"column":42}},"2":{"start":{"line":7,"column":53},"end":{"line":7,"column":55}},"3":{"start":{"line":8,"column":8},"end":{"line":15,"column":9}},"4":{"start":{"line":9,"column":12},"end":{"line":14,"column":13}},"5":{"start":{"line":10,"column":16},"end":{"line":10,"column":55}},"6":{"start":{"line":13,"column":16},"end":{"line":13,"column":50}},"7":{"start":{"line":16,"column":8},"end":{"line":16,"column":58}},"8":{"start":{"line":17,"column":8},"end":{"line":17,"column":25}}},"fnMap":{"0":{"name":"(anonymous_0)","decl":{"start":{"line":3,"column":4},"end":{"line":3,"column":5}},"loc":{"start":{"line":3,"column":22},"end":{"line":5,"column":5}},"line":3},"1":{"name":"(anonymous_1)","decl":{"start":{"line":6,"column":4},"end":{"line":6,"column":5}},"loc":{"start":{"line":6,"column":17},"end":{"line":18,"column":5}},"line":6}},"branchMap":{"0":{"loc":{"start":{"line":9,"column":12},"end":{"line":14,"column":13}},"type":"if","locations":[{"start":{"line":9,"column":12},"end":{"line":14,"column":13}},{"start":{"line":9,"column":12},"end":{"line":14,"column":13}}],"line":9}},"s":{"0":2,"1":2,"2":2,"3":2,"4":26,"5":23,"6":3,"7":2,"8":2},"f":{"0":2,"1":2},"b":{"0":[23,3]},"_coverageSchema":"332fd63041d2c1bcb487cc26dd0d5f7d97098a6c","hash":"0c03da50709f0a65a3d44b7d0d5c51b148ac7f65"}
,"/home/rahuldas/Desktop/Converter/src/Suffix-Prefix.js": {"path":"/home/rahuldas/Desktop/Converter/src/Suffix-Prefix.js","statementMap":{"0":{"start":{"line":2,"column":14},"end":{"line":25,"column":13}},"1":{"start":{"line":28,"column":8},"end":{"line":28,"column":21}},"2":{"start":{"line":31,"column":22},"end":{"line":31,"column":24}},"3":{"start":{"line":32,"column":8},"end":{"line":78,"column":9}},"4":{"start":{"line":33,"column":12},"end":{"line":52,"column":13}},"5":{"start":{"line":34,"column":15},"end":{"line":36,"column":16}},"6":{"start":{"line":35,"column":17},"end":{"line":35,"column":77}},"7":{"start":{"line":37,"column":15},"end":{"line":41,"column":17}},"8":{"start":{"line":38,"column":16},"end":{"line":40,"column":17}},"9":{"start":{"line":39,"column":20},"end":{"line":39,"column":36}},"10":{"start":{"line":44,"column":16},"end":{"line":46,"column":17}},"11":{"start":{"line":45,"column":18},"end":{"line":45,"column":79}},"12":{"start":{"line":47,"column":16},"end":{"line":51,"column":13}},"13":{"start":{"line":48,"column":16},"end":{"line":50,"column":17}},"14":{"start":{"line":49,"column":20},"end":{"line":49,"column":36}},"15":{"start":{"line":56,"column":25},"end":{"line":56,"column":43}},"16":{"start":{"line":56,"column":55},"end":{"line":56,"column":57}},"17":{"start":{"line":57,"column":12},"end":{"line":77,"column":13}},"18":{"start":{"line":58,"column":16},"end":{"line":76,"column":17}},"19":{"start":{"line":59,"column":20},"end":{"line":59,"column":44}},"20":{"start":{"line":60,"column":20},"end":{"line":62,"column":21}},"21":{"start":{"line":61,"column":24},"end":{"line":61,"column":51}},"22":{"start":{"line":65,"column":20},"end":{"line":75,"column":21}},"23":{"start":{"line":66,"column":24},"end":{"line":66,"column":47}},"24":{"start":{"line":68,"column":25},"end":{"line":75,"column":21}},"25":{"start":{"line":69,"column":24},"end":{"line":69,"column":62}},"26":{"start":{"line":70,"column":24},"end":{"line":70,"column":38}},"27":{"start":{"line":73,"column":24},"end":{"line":73,"column":62}},"28":{"start":{"line":74,"column":24},"end":{"line":74,"column":38}},"29":{"start":{"line":79,"column":8},"end":{"line":79,"column":25}}},"fnMap":{"0":{"name":"(anonymous_0)","decl":{"start":{"line":27,"column":4},"end":{"line":27,"column":5}},"loc":{"start":{"line":27,"column":20},"end":{"line":29,"column":5}},"line":27},"1":{"name":"(anonymous_1)","decl":{"start":{"line":30,"column":4},"end":{"line":30,"column":5}},"loc":{"start":{"line":30,"column":13},"end":{"line":80,"column":5}},"line":30}},"branchMap":{"0":{"loc":{"start":{"line":32,"column":8},"end":{"line":78,"column":9}},"type":"if","locations":[{"start":{"line":32,"column":8},"end":{"line":78,"column":9}},{"start":{"line":32,"column":8},"end":{"line":78,"column":9}}],"line":32},"1":{"loc":{"start":{"line":32,"column":11},"end":{"line":32,"column":177}},"type":"binary-expr","locations":[{"start":{"line":32,"column":12},"end":{"line":32,"column":37}},{"start":{"line":32,"column":41},"end":{"line":32,"column":66}},{"start":{"line":32,"column":70},"end":{"line":32,"column":95}},{"start":{"line":32,"column":99},"end":{"line":32,"column":124}},{"start":{"line":32,"column":130},"end":{"line":32,"column":176}}],"line":32},"2":{"loc":{"start":{"line":33,"column":12},"end":{"line":52,"column":13}},"type":"if","locations":[{"start":{"line":33,"column":12},"end":{"line":52,"column":13}},{"start":{"line":33,"column":12},"end":{"line":52,"column":13}}],"line":33},"3":{"loc":{"start":{"line":34,"column":15},"end":{"line":36,"column":16}},"type":"if","locations":[{"start":{"line":34,"column":15},"end":{"line":36,"column":16}},{"start":{"line":34,"column":15},"end":{"line":36,"column":16}}],"line":34},"4":{"loc":{"start":{"line":38,"column":16},"end":{"line":40,"column":17}},"type":"if","locations":[{"start":{"line":38,"column":16},"end":{"line":40,"column":17}},{"start":{"line":38,"column":16},"end":{"line":40,"column":17}}],"line":38},"5":{"loc":{"start":{"line":44,"column":16},"end":{"line":46,"column":17}},"type":"if","locations":[{"start":{"line":44,"column":16},"end":{"line":46,"column":17}},{"start":{"line":44,"column":16},"end":{"line":46,"column":17}}],"line":44},"6":{"loc":{"start":{"line":48,"column":16},"end":{"line":50,"column":17}},"type":"if","locations":[{"start":{"line":48,"column":16},"end":{"line":50,"column":17}},{"start":{"line":48,"column":16},"end":{"line":50,"column":17}}],"line":48},"7":{"loc":{"start":{"line":58,"column":16},"end":{"line":76,"column":17}},"type":"if","locations":[{"start":{"line":58,"column":16},"end":{"line":76,"column":17}},{"start":{"line":58,"column":16},"end":{"line":76,"column":17}}],"line":58},"8":{"loc":{"start":{"line":60,"column":20},"end":{"line":62,"column":21}},"type":"if","locations":[{"start":{"line":60,"column":20},"end":{"line":62,"column":21}},{"start":{"line":60,"column":20},"end":{"line":62,"column":21}}],"line":60},"9":{"loc":{"start":{"line":65,"column":20},"end":{"line":75,"column":21}},"type":"if","locations":[{"start":{"line":65,"column":20},"end":{"line":75,"column":21}},{"start":{"line":65,"column":20},"end":{"line":75,"column":21}}],"line":65},"10":{"loc":{"start":{"line":68,"column":25},"end":{"line":75,"column":21}},"type":"if","locations":[{"start":{"line":68,"column":25},"end":{"line":75,"column":21}},{"start":{"line":68,"column":25},"end":{"line":75,"column":21}}],"line":68},"11":{"loc":{"start":{"line":68,"column":28},"end":{"line":68,"column":68}},"type":"binary-expr","locations":[{"start":{"line":68,"column":28},"end":{"line":68,"column":45}},{"start":{"line":68,"column":49},"end":{"line":68,"column":68}}],"line":68}},"s":{"0":1,"1":7,"2":7,"3":7,"4":3,"5":1,"6":0,"7":1,"8":20,"9":1,"10":2,"11":1,"12":2,"13":40,"14":2,"15":4,"16":4,"17":4,"18":14,"19":5,"20":5,"21":2,"22":9,"23":7,"24":2,"25":0,"26":0,"27":2,"28":2,"29":7},"f":{"0":7,"1":7},"b":{"0":[3,4],"1":[7,6,4,4,3],"2":[1,2],"3":[0,1],"4":[1,19],"5":[1,1],"6":[2,38],"7":[5,9],"8":[2,3],"9":[7,2],"10":[0,2],"11":[2,2]},"_coverageSchema":"332fd63041d2c1bcb487cc26dd0d5f7d97098a6c","hash":"b4072aeb86d888e047d17c115586c15416ead399"}
,"/home/rahuldas/Desktop/Converter/src/Time.js": {"path":"/home/rahuldas/Desktop/Converter/src/Time.js","statementMap":{"0":{"start":{"line":2,"column":0},"end":{"line":9,"column":1}},"1":{"start":{"line":3,"column":4},"end":{"line":7,"column":5}},"2":{"start":{"line":4,"column":8},"end":{"line":6,"column":9}},"3":{"start":{"line":5,"column":12},"end":{"line":5,"column":24}},"4":{"start":{"line":8,"column":4},"end":{"line":8,"column":17}},"5":{"start":{"line":10,"column":0},"end":{"line":39,"column":1}},"6":{"start":{"line":11,"column":19},"end":{"line":11,"column":28}},"7":{"start":{"line":12,"column":22},"end":{"line":12,"column":36}},"8":{"start":{"line":12,"column":43},"end":{"line":12,"column":44}},"9":{"start":{"line":12,"column":50},"end":{"line":12,"column":51}},"10":{"start":{"line":13,"column":4},"end":{"line":26,"column":5}},"11":{"start":{"line":14,"column":8},"end":{"line":25,"column":9}},"12":{"start":{"line":15,"column":12},"end":{"line":15,"column":37}},"13":{"start":{"line":16,"column":12},"end":{"line":24,"column":13}},"14":{"start":{"line":17,"column":16},"end":{"line":17,"column":23}},"15":{"start":{"line":18,"column":16},"end":{"line":18,"column":45}},"16":{"start":{"line":19,"column":16},"end":{"line":19,"column":24}},"17":{"start":{"line":22,"column":16},"end":{"line":22,"column":23}},"18":{"start":{"line":23,"column":16},"end":{"line":23,"column":22}},"19":{"start":{"line":27,"column":4},"end":{"line":38,"column":5}},"20":{"start":{"line":28,"column":9},"end":{"line":32,"column":10}},"21":{"start":{"line":35,"column":9},"end":{"line":37,"column":10}},"22":{"start":{"line":42,"column":8},"end":{"line":42,"column":24}},"23":{"start":{"line":45,"column":8},"end":{"line":78,"column":9}},"24":{"start":{"line":46,"column":31},"end":{"line":46,"column":79}},"25":{"start":{"line":46,"column":91},"end":{"line":46,"column":93}},"26":{"start":{"line":46,"column":100},"end":{"line":46,"column":127}},"27":{"start":{"line":47,"column":29},"end":{"line":51,"column":13}},"28":{"start":{"line":52,"column":12},"end":{"line":73,"column":13}},"29":{"start":{"line":53,"column":16},"end":{"line":62,"column":17}},"30":{"start":{"line":54,"column":20},"end":{"line":61,"column":21}},"31":{"start":{"line":55,"column":24},"end":{"line":55,"column":32}},"32":{"start":{"line":56,"column":24},"end":{"line":56,"column":33}},"33":{"start":{"line":59,"column":24},"end":{"line":59,"column":112}},"34":{"start":{"line":60,"column":24},"end":{"line":60,"column":32}},"35":{"start":{"line":65,"column":16},"end":{"line":72,"column":17}},"36":{"start":{"line":66,"column":20},"end":{"line":71,"column":21}},"37":{"start":{"line":67,"column":24},"end":{"line":67,"column":33}},"38":{"start":{"line":70,"column":24},"end":{"line":70,"column":89}},"39":{"start":{"line":74,"column":12},"end":{"line":74,"column":59}},"40":{"start":{"line":77,"column":13},"end":{"line":77,"column":30}}},"fnMap":{"0":{"name":"(anonymous_0)","decl":{"start":{"line":2,"column":25},"end":{"line":2,"column":26}},"loc":{"start":{"line":2,"column":42},"end":{"line":9,"column":1}},"line":2},"1":{"name":"(anonymous_1)","decl":{"start":{"line":10,"column":27},"end":{"line":10,"column":28}},"loc":{"start":{"line":10,"column":39},"end":{"line":39,"column":1}},"line":10},"2":{"name":"(anonymous_2)","decl":{"start":{"line":41,"column":4},"end":{"line":41,"column":5}},"loc":{"start":{"line":41,"column":21},"end":{"line":43,"column":5}},"line":41},"3":{"name":"(anonymous_3)","decl":{"start":{"line":44,"column":4},"end":{"line":44,"column":5}},"loc":{"start":{"line":44,"column":18},"end":{"line":79,"column":5}},"line":44}},"branchMap":{"0":{"loc":{"start":{"line":4,"column":8},"end":{"line":6,"column":9}},"type":"if","locations":[{"start":{"line":4,"column":8},"end":{"line":6,"column":9}},{"start":{"line":4,"column":8},"end":{"line":6,"column":9}}],"line":4},"1":{"loc":{"start":{"line":14,"column":8},"end":{"line":25,"column":9}},"type":"if","locations":[{"start":{"line":14,"column":8},"end":{"line":25,"column":9}},{"start":{"line":14,"column":8},"end":{"line":25,"column":9}}],"line":14},"2":{"loc":{"start":{"line":16,"column":12},"end":{"line":24,"column":13}},"type":"if","locations":[{"start":{"line":16,"column":12},"end":{"line":24,"column":13}},{"start":{"line":16,"column":12},"end":{"line":24,"column":13}}],"line":16},"3":{"loc":{"start":{"line":16,"column":15},"end":{"line":16,"column":74}},"type":"binary-expr","locations":[{"start":{"line":16,"column":15},"end":{"line":16,"column":40}},{"start":{"line":16,"column":44},"end":{"line":16,"column":74}}],"line":16},"4":{"loc":{"start":{"line":27,"column":4},"end":{"line":38,"column":5}},"type":"if","locations":[{"start":{"line":27,"column":4},"end":{"line":38,"column":5}},{"start":{"line":27,"column":4},"end":{"line":38,"column":5}}],"line":27},"5":{"loc":{"start":{"line":45,"column":8},"end":{"line":78,"column":9}},"type":"if","locations":[{"start":{"line":45,"column":8},"end":{"line":78,"column":9}},{"start":{"line":45,"column":8},"end":{"line":78,"column":9}}],"line":45},"6":{"loc":{"start":{"line":52,"column":12},"end":{"line":73,"column":13}},"type":"if","locations":[{"start":{"line":52,"column":12},"end":{"line":73,"column":13}},{"start":{"line":52,"column":12},"end":{"line":73,"column":13}}],"line":52},"7":{"loc":{"start":{"line":54,"column":20},"end":{"line":61,"column":21}},"type":"if","locations":[{"start":{"line":54,"column":20},"end":{"line":61,"column":21}},{"start":{"line":54,"column":20},"end":{"line":61,"column":21}}],"line":54},"8":{"loc":{"start":{"line":66,"column":20},"end":{"line":71,"column":21}},"type":"if","locations":[{"start":{"line":66,"column":20},"end":{"line":71,"column":21}},{"start":{"line":66,"column":20},"end":{"line":71,"column":21}}],"line":66}},"s":{"0":1,"1":68,"2":136,"3":17,"4":51,"5":1,"6":11,"7":11,"8":11,"9":11,"10":11,"11":68,"12":17,"13":17,"14":17,"15":17,"16":17,"17":0,"18":0,"19":11,"20":11,"21":0,"22":2,"23":2,"24":2,"25":2,"26":2,"27":2,"28":2,"29":1,"30":3,"31":0,"32":0,"33":3,"34":3,"35":1,"36":2,"37":0,"38":2,"39":2,"40":0},"f":{"0":68,"1":11,"2":2,"3":2},"b":{"0":[17,119],"1":[17,51],"2":[17,0],"3":[17,6],"4":[11,0],"5":[2,0],"6":[1,1],"7":[0,3],"8":[0,2]},"_coverageSchema":"332fd63041d2c1bcb487cc26dd0d5f7d97098a6c","hash":"57ebdbd9ce6fb8d46e347bb2a88cca2fd0a91fbd"}
,"/home/rahuldas/Desktop/Converter/src/n2w.js": {"path":"/home/rahuldas/Desktop/Converter/src/n2w.js","statementMap":{"0":{"start":{"line":1,"column":14},"end":{"line":67,"column":13}},"1":{"start":{"line":69,"column":13},"end":{"line":69,"column":15}},"2":{"start":{"line":69,"column":25},"end":{"line":69,"column":27}},"3":{"start":{"line":70,"column":17},"end":{"line":70,"column":30}},"4":{"start":{"line":71,"column":4},"end":{"line":73,"column":5}},"5":{"start":{"line":72,"column":8},"end":{"line":72,"column":25}},"6":{"start":{"line":74,"column":3},"end":{"line":144,"column":4}},"7":{"start":{"line":75,"column":6},"end":{"line":143,"column":8}},"8":{"start":{"line":76,"column":11},"end":{"line":80,"column":12}},"9":{"start":{"line":77,"column":15},"end":{"line":79,"column":16}},"10":{"start":{"line":78,"column":19},"end":{"line":78,"column":45}},"11":{"start":{"line":82,"column":12},"end":{"line":143,"column":8}},"12":{"start":{"line":83,"column":11},"end":{"line":118,"column":12}},"13":{"start":{"line":84,"column":15},"end":{"line":93,"column":16}},"14":{"start":{"line":85,"column":18},"end":{"line":92,"column":19}},"15":{"start":{"line":86,"column":21},"end":{"line":91,"column":22}},"16":{"start":{"line":87,"column":24},"end":{"line":87,"column":60}},"17":{"start":{"line":90,"column":24},"end":{"line":90,"column":53}},"18":{"start":{"line":96,"column":15},"end":{"line":117,"column":17}},"19":{"start":{"line":97,"column":17},"end":{"line":108,"column":18}},"20":{"start":{"line":98,"column":19},"end":{"line":107,"column":20}},"21":{"start":{"line":99,"column":22},"end":{"line":106,"column":24}},"22":{"start":{"line":100,"column":24},"end":{"line":100,"column":47}},"23":{"start":{"line":101,"column":24},"end":{"line":101,"column":40}},"24":{"start":{"line":104,"column":24},"end":{"line":104,"column":40}},"25":{"start":{"line":105,"column":24},"end":{"line":105,"column":40}},"26":{"start":{"line":111,"column":18},"end":{"line":116,"column":19}},"27":{"start":{"line":112,"column":24},"end":{"line":112,"column":41}},"28":{"start":{"line":115,"column":20},"end":{"line":115,"column":34}},"29":{"start":{"line":121,"column":11},"end":{"line":136,"column":12}},"30":{"start":{"line":122,"column":14},"end":{"line":132,"column":15}},"31":{"start":{"line":123,"column":17},"end":{"line":131,"column":18}},"32":{"start":{"line":124,"column":20},"end":{"line":129,"column":21}},"33":{"start":{"line":125,"column":24},"end":{"line":125,"column":47}},"34":{"start":{"line":128,"column":24},"end":{"line":128,"column":40}},"35":{"start":{"line":134,"column":16},"end":{"line":136,"column":12}},"36":{"start":{"line":135,"column":16},"end":{"line":135,"column":30}},"37":{"start":{"line":137,"column":11},"end":{"line":142,"column":12}},"38":{"start":{"line":138,"column":13},"end":{"line":141,"column":14}},"39":{"start":{"line":139,"column":17},"end":{"line":140,"column":52}},"40":{"start":{"line":140,"column":19},"end":{"line":140,"column":52}},"41":{"start":{"line":145,"column":3},"end":{"line":147,"column":4}},"42":{"start":{"line":146,"column":5},"end":{"line":146,"column":38}},"43":{"start":{"line":148,"column":3},"end":{"line":148,"column":15}}},"fnMap":{"0":{"name":"(anonymous_0)","decl":{"start":{"line":68,"column":15},"end":{"line":68,"column":16}},"loc":{"start":{"line":68,"column":22},"end":{"line":149,"column":1}},"line":68}},"branchMap":{"0":{"loc":{"start":{"line":75,"column":6},"end":{"line":143,"column":8}},"type":"if","locations":[{"start":{"line":75,"column":6},"end":{"line":143,"column":8}},{"start":{"line":75,"column":6},"end":{"line":143,"column":8}}],"line":75},"1":{"loc":{"start":{"line":77,"column":15},"end":{"line":79,"column":16}},"type":"if","locations":[{"start":{"line":77,"column":15},"end":{"line":79,"column":16}},{"start":{"line":77,"column":15},"end":{"line":79,"column":16}}],"line":77},"2":{"loc":{"start":{"line":82,"column":12},"end":{"line":143,"column":8}},"type":"if","locations":[{"start":{"line":82,"column":12},"end":{"line":143,"column":8}},{"start":{"line":82,"column":12},"end":{"line":143,"column":8}}],"line":82},"3":{"loc":{"start":{"line":83,"column":11},"end":{"line":118,"column":12}},"type":"if","locations":[{"start":{"line":83,"column":11},"end":{"line":118,"column":12}},{"start":{"line":83,"column":11},"end":{"line":118,"column":12}}],"line":83},"4":{"loc":{"start":{"line":85,"column":18},"end":{"line":92,"column":19}},"type":"if","locations":[{"start":{"line":85,"column":18},"end":{"line":92,"column":19}},{"start":{"line":85,"column":18},"end":{"line":92,"column":19}}],"line":85},"5":{"loc":{"start":{"line":86,"column":21},"end":{"line":91,"column":22}},"type":"if","locations":[{"start":{"line":86,"column":21},"end":{"line":91,"column":22}},{"start":{"line":86,"column":21},"end":{"line":91,"column":22}}],"line":86},"6":{"loc":{"start":{"line":86,"column":24},"end":{"line":86,"column":107}},"type":"binary-expr","locations":[{"start":{"line":86,"column":24},"end":{"line":86,"column":63}},{"start":{"line":86,"column":67},"end":{"line":86,"column":107}}],"line":86},"7":{"loc":{"start":{"line":96,"column":15},"end":{"line":117,"column":17}},"type":"if","locations":[{"start":{"line":96,"column":15},"end":{"line":117,"column":17}},{"start":{"line":96,"column":15},"end":{"line":117,"column":17}}],"line":96},"8":{"loc":{"start":{"line":98,"column":19},"end":{"line":107,"column":20}},"type":"if","locations":[{"start":{"line":98,"column":19},"end":{"line":107,"column":20}},{"start":{"line":98,"column":19},"end":{"line":107,"column":20}}],"line":98},"9":{"loc":{"start":{"line":99,"column":22},"end":{"line":106,"column":24}},"type":"if","locations":[{"start":{"line":99,"column":22},"end":{"line":106,"column":24}},{"start":{"line":99,"column":22},"end":{"line":106,"column":24}}],"line":99},"10":{"loc":{"start":{"line":99,"column":25},"end":{"line":99,"column":108}},"type":"binary-expr","locations":[{"start":{"line":99,"column":25},"end":{"line":99,"column":64}},{"start":{"line":99,"column":68},"end":{"line":99,"column":108}}],"line":99},"11":{"loc":{"start":{"line":111,"column":18},"end":{"line":116,"column":19}},"type":"if","locations":[{"start":{"line":111,"column":18},"end":{"line":116,"column":19}},{"start":{"line":111,"column":18},"end":{"line":116,"column":19}}],"line":111},"12":{"loc":{"start":{"line":111,"column":21},"end":{"line":111,"column":104}},"type":"binary-expr","locations":[{"start":{"line":111,"column":21},"end":{"line":111,"column":60}},{"start":{"line":111,"column":64},"end":{"line":111,"column":104}}],"line":111},"13":{"loc":{"start":{"line":121,"column":11},"end":{"line":136,"column":12}},"type":"if","locations":[{"start":{"line":121,"column":11},"end":{"line":136,"column":12}},{"start":{"line":121,"column":11},"end":{"line":136,"column":12}}],"line":121},"14":{"loc":{"start":{"line":123,"column":17},"end":{"line":131,"column":18}},"type":"if","locations":[{"start":{"line":123,"column":17},"end":{"line":131,"column":18}},{"start":{"line":123,"column":17},"end":{"line":131,"column":18}}],"line":123},"15":{"loc":{"start":{"line":124,"column":20},"end":{"line":129,"column":21}},"type":"if","locations":[{"start":{"line":124,"column":20},"end":{"line":129,"column":21}},{"start":{"line":124,"column":20},"end":{"line":129,"column":21}}],"line":124},"16":{"loc":{"start":{"line":124,"column":23},"end":{"line":124,"column":106}},"type":"binary-expr","locations":[{"start":{"line":124,"column":23},"end":{"line":124,"column":62}},{"start":{"line":124,"column":66},"end":{"line":124,"column":106}}],"line":124},"17":{"loc":{"start":{"line":134,"column":16},"end":{"line":136,"column":12}},"type":"if","locations":[{"start":{"line":134,"column":16},"end":{"line":136,"column":12}},{"start":{"line":134,"column":16},"end":{"line":136,"column":12}}],"line":134},"18":{"loc":{"start":{"line":134,"column":19},"end":{"line":134,"column":63}},"type":"binary-expr","locations":[{"start":{"line":134,"column":19},"end":{"line":134,"column":38}},{"start":{"line":134,"column":42},"end":{"line":134,"column":63}}],"line":134},"19":{"loc":{"start":{"line":138,"column":13},"end":{"line":141,"column":14}},"type":"if","locations":[{"start":{"line":138,"column":13},"end":{"line":141,"column":14}},{"start":{"line":138,"column":13},"end":{"line":141,"column":14}}],"line":138},"20":{"loc":{"start":{"line":139,"column":17},"end":{"line":140,"column":52}},"type":"if","locations":[{"start":{"line":139,"column":17},"end":{"line":140,"column":52}},{"start":{"line":139,"column":17},"end":{"line":140,"column":52}}],"line":139},"21":{"loc":{"start":{"line":139,"column":20},"end":{"line":139,"column":74}},"type":"binary-expr","locations":[{"start":{"line":139,"column":20},"end":{"line":139,"column":34}},{"start":{"line":139,"column":38},"end":{"line":139,"column":54}},{"start":{"line":139,"column":58},"end":{"line":139,"column":74}}],"line":139},"22":{"loc":{"start":{"line":145,"column":3},"end":{"line":147,"column":4}},"type":"if","locations":[{"start":{"line":145,"column":3},"end":{"line":147,"column":4}},{"start":{"line":145,"column":3},"end":{"line":147,"column":4}}],"line":145}},"s":{"0":6,"1":53,"2":53,"3":53,"4":53,"5":102,"6":53,"7":102,"8":13,"9":364,"10":4,"11":89,"12":24,"13":14,"14":112,"15":10,"16":1,"17":9,"18":10,"19":10,"20":280,"21":10,"22":7,"23":7,"24":3,"25":3,"26":0,"27":0,"28":0,"29":65,"30":45,"31":1260,"32":45,"33":3,"34":42,"35":20,"36":3,"37":65,"38":390,"39":12,"40":12,"41":53,"42":53,"43":53},"f":{"0":53},"b":{"0":[13,89],"1":[4,360],"2":[24,65],"3":[14,10],"4":[10,102],"5":[1,9],"6":[10,9],"7":[10,0],"8":[10,270],"9":[7,3],"10":[10,8],"11":[0,0],"12":[0,0],"13":[45,20],"14":[45,1215],"15":[3,42],"16":[45,45],"17":[3,17],"18":[20,10],"19":[12,378],"20":[12,0],"21":[12,1,0],"22":[53,0]},"_coverageSchema":"332fd63041d2c1bcb487cc26dd0d5f7d97098a6c","hash":"42de11a96c1646a701b1c349ea27e9409fa50326"}
}
