TN:
SF:/home/rahuldas/Desktop/Converter/src/Cardinal.js
FN:15,(anonymous_0)
FN:23,(anonymous_1)
FNF:2
FNH:2
FNDA:5,(anonymous_0)
FNDA:5,(anonymous_1)
DA:16,5
DA:24,5
LF:2
LH:2
BRF:0
BRH:0
end_of_record
TN:
SF:/home/rahuldas/Desktop/Converter/src/Date.js
FN:54,(anonymous_0)
FN:72,(anonymous_1)
FN:80,(anonymous_2)
FNF:3
FNH:3
FNDA:11,(anonymous_0)
FNDA:8,(anonymous_1)
FNDA:8,(anonymous_2)
DA:8,1
DA:25,1
DA:54,1
DA:55,11
DA:56,11
DA:57,51
DA:58,8
DA:61,3
DA:73,8
DA:81,8
DA:82,8
DA:83,5
DA:84,5
DA:85,1
DA:87,5
DA:88,3
DA:89,0
DA:91,3
DA:92,3
DA:95,2
DA:97,5
DA:98,100
DA:99,5
DA:100,5
DA:104,5
DA:105,2
DA:107,5
DA:108,60
DA:109,5
DA:112,5
DA:113,3
DA:114,3
DA:115,3
DA:116,1
DA:118,3
DA:119,1
DA:120,1
DA:122,0
DA:123,0
DA:126,2
DA:128,3
DA:129,60
DA:130,3
DA:131,3
DA:135,3
DA:136,3
DA:138,3
DA:139,36
DA:140,3
DA:143,3
DA:145,8
LF:51
LH:48
BRDA:57,0,0,8
BRDA:57,0,1,43
BRDA:82,1,0,5
BRDA:82,1,1,3
BRDA:84,2,0,1
BRDA:84,2,1,4
BRDA:87,3,0,3
BRDA:87,3,1,2
BRDA:88,4,0,0
BRDA:88,4,1,3
BRDA:98,5,0,5
BRDA:98,5,1,95
BRDA:104,6,0,2
BRDA:104,6,1,3
BRDA:108,7,0,5
BRDA:108,7,1,55
BRDA:113,8,0,3
BRDA:113,8,1,0
BRDA:115,9,0,1
BRDA:115,9,1,2
BRDA:118,10,0,1
BRDA:118,10,1,2
BRDA:119,11,0,1
BRDA:119,11,1,0
BRDA:129,12,0,3
BRDA:129,12,1,57
BRDA:135,13,0,3
BRDA:135,13,1,0
BRDA:139,14,0,3
BRDA:139,14,1,33
BRF:30
BRH:26
end_of_record
TN:
SF:/home/rahuldas/Desktop/Converter/src/Decimal_Fraction.js
FN:37,(anonymous_0)
FN:55,(anonymous_1)
FN:63,(anonymous_2)
FNF:3
FNH:3
FNDA:6,(anonymous_0)
FNDA:3,(anonymous_1)
FNDA:3,(anonymous_2)
DA:8,1
DA:37,1
DA:38,6
DA:39,6
DA:40,19
DA:41,3
DA:44,3
DA:56,3
DA:64,3
DA:65,3
DA:66,1
DA:67,1
DA:68,1
DA:69,2
DA:70,1
DA:71,1
DA:72,1
DA:73,0
DA:74,0
DA:75,0
DA:77,0
DA:78,0
DA:81,0
DA:82,0
DA:83,0
DA:85,0
DA:86,0
DA:90,1
DA:92,1
DA:93,20
DA:94,1
DA:97,1
DA:98,1
DA:99,1
DA:100,1
DA:101,1
DA:102,20
DA:103,1
DA:106,1
LF:39
LH:29
BRDA:40,0,0,3
BRDA:40,0,1,16
BRDA:65,1,0,1
BRDA:65,1,1,2
BRDA:69,2,0,1
BRDA:69,2,1,1
BRDA:72,3,0,0
BRDA:72,3,1,1
BRDA:73,4,0,0
BRDA:73,4,1,0
BRDA:74,5,0,0
BRDA:74,5,1,0
BRDA:81,6,0,0
BRDA:81,6,1,0
BRDA:93,7,0,1
BRDA:93,7,1,19
BRDA:98,8,0,1
BRDA:98,8,1,0
BRDA:102,9,0,1
BRDA:102,9,1,19
BRF:20
BRH:12
end_of_record
TN:
SF:/home/rahuldas/Desktop/Converter/src/Phone_Number.js
FN:14,(anonymous_0)
FN:22,(anonymous_1)
FNF:2
FNH:2
FNDA:2,(anonymous_0)
FNDA:2,(anonymous_1)
DA:15,2
DA:23,2
DA:24,2
DA:25,26
DA:26,23
DA:28,3
DA:31,2
DA:32,2
LF:8
LH:8
BRDA:25,0,0,23
BRDA:25,0,1,3
BRF:2
BRH:2
end_of_record
TN:
SF:/home/rahuldas/Desktop/Converter/src/Suffix-Prefix.js
FN:41,(anonymous_0)
FN:49,(anonymous_1)
FNF:2
FNH:2
FNDA:7,(anonymous_0)
FNDA:7,(anonymous_1)
DA:8,1
DA:42,7
DA:50,7
DA:51,7
DA:52,3
DA:53,1
DA:54,0
DA:56,1
DA:57,20
DA:58,1
DA:62,2
DA:63,1
DA:65,2
DA:66,40
DA:67,2
DA:72,4
DA:73,4
DA:74,14
DA:75,5
DA:76,5
DA:77,2
DA:80,9
DA:81,7
DA:82,2
DA:83,0
DA:84,0
DA:86,2
DA:87,2
DA:92,7
LF:29
LH:26
BRDA:51,0,0,3
BRDA:51,0,1,4
BRDA:51,1,0,7
BRDA:51,1,1,6
BRDA:51,1,2,4
BRDA:51,1,3,4
BRDA:51,1,4,3
BRDA:52,2,0,1
BRDA:52,2,1,2
BRDA:53,3,0,0
BRDA:53,3,1,1
BRDA:57,4,0,1
BRDA:57,4,1,19
BRDA:62,5,0,1
BRDA:62,5,1,1
BRDA:66,6,0,2
BRDA:66,6,1,38
BRDA:74,7,0,5
BRDA:74,7,1,9
BRDA:76,8,0,2
BRDA:76,8,1,3
BRDA:80,9,0,7
BRDA:80,9,1,2
BRDA:82,10,0,0
BRDA:82,10,1,2
BRDA:82,11,0,2
BRDA:82,11,1,2
BRF:27
BRH:25
end_of_record
TN:
SF:/home/rahuldas/Desktop/Converter/src/Time.js
FN:12,(anonymous_0)
FN:26,(anonymous_1)
FN:63,(anonymous_2)
FN:71,(anonymous_3)
FNF:4
FNH:4
FNDA:68,(anonymous_0)
FNDA:11,(anonymous_1)
FNDA:2,(anonymous_2)
FNDA:2,(anonymous_3)
DA:12,1
DA:13,68
DA:14,136
DA:15,17
DA:18,51
DA:26,1
DA:27,11
DA:28,11
DA:29,11
DA:30,68
DA:31,17
DA:32,17
DA:33,17
DA:34,17
DA:35,17
DA:37,0
DA:38,0
DA:42,11
DA:43,11
DA:49,0
DA:64,2
DA:72,2
DA:73,2
DA:74,2
DA:79,2
DA:80,1
DA:81,3
DA:82,0
DA:83,0
DA:85,3
DA:86,3
DA:90,1
DA:91,2
DA:92,0
DA:94,2
DA:98,2
DA:100,0
LF:37
LH:30
BRDA:14,0,0,17
BRDA:14,0,1,119
BRDA:30,1,0,17
BRDA:30,1,1,51
BRDA:32,2,0,17
BRDA:32,2,1,0
BRDA:32,3,0,17
BRDA:32,3,1,6
BRDA:42,4,0,11
BRDA:42,4,1,0
BRDA:72,5,0,2
BRDA:72,5,1,0
BRDA:79,6,0,1
BRDA:79,6,1,1
BRDA:81,7,0,0
BRDA:81,7,1,3
BRDA:91,8,0,0
BRDA:91,8,1,2
BRF:18
BRH:13
end_of_record
TN:
SF:/home/rahuldas/Desktop/Converter/src/n2w.js
FN:76,(anonymous_0)
FNF:1
FNH:1
FNDA:53,(anonymous_0)
DA:4,6
DA:77,53
DA:78,53
DA:79,53
DA:80,102
DA:82,53
DA:83,102
DA:84,13
DA:85,364
DA:86,4
DA:90,89
DA:91,24
DA:92,14
DA:93,112
DA:94,10
DA:95,1
DA:98,9
DA:104,10
DA:105,10
DA:106,280
DA:107,10
DA:108,7
DA:109,7
DA:112,3
DA:113,3
DA:119,0
DA:120,0
DA:123,0
DA:129,65
DA:130,45
DA:131,1260
DA:132,45
DA:133,3
DA:136,42
DA:142,20
DA:143,3
DA:145,65
DA:146,390
DA:147,12
DA:148,12
DA:153,53
DA:154,53
DA:156,53
LF:43
LH:40
BRDA:83,0,0,13
BRDA:83,0,1,89
BRDA:85,1,0,4
BRDA:85,1,1,360
BRDA:90,2,0,24
BRDA:90,2,1,65
BRDA:91,3,0,14
BRDA:91,3,1,10
BRDA:93,4,0,10
BRDA:93,4,1,102
BRDA:94,5,0,1
BRDA:94,5,1,9
BRDA:94,6,0,10
BRDA:94,6,1,9
BRDA:104,7,0,10
BRDA:104,7,1,0
BRDA:106,8,0,10
BRDA:106,8,1,270
BRDA:107,9,0,7
BRDA:107,9,1,3
BRDA:107,10,0,10
BRDA:107,10,1,8
BRDA:119,11,0,0
BRDA:119,11,1,0
BRDA:119,12,0,0
BRDA:119,12,1,0
BRDA:129,13,0,45
BRDA:129,13,1,20
BRDA:131,14,0,45
BRDA:131,14,1,1215
BRDA:132,15,0,3
BRDA:132,15,1,42
BRDA:132,16,0,45
BRDA:132,16,1,45
BRDA:142,17,0,3
BRDA:142,17,1,17
BRDA:142,18,0,20
BRDA:142,18,1,10
BRDA:146,19,0,12
BRDA:146,19,1,378
BRDA:147,20,0,12
BRDA:147,20,1,0
BRDA:147,21,0,12
BRDA:147,21,1,1
BRDA:147,21,2,0
BRDA:153,22,0,53
BRDA:153,22,1,0
BRF:47
BRH:39
end_of_record
