TN:
SF:/home/rahuldas/Desktop/Converter/src/Cardinal.js
FN:3,(anonymous_0)
FN:6,(anonymous_1)
FNF:2
FNH:2
FNDA:5,(anonymous_0)
FNDA:5,(anonymous_1)
DA:4,5
DA:7,5
LF:2
LH:2
BRF:0
BRH:0
end_of_record
TN:
SF:/home/rahuldas/Desktop/Converter/src/Date.js
FN:38,(anonymous_0)
FN:48,(anonymous_1)
FN:51,(anonymous_2)
FNF:3
FNH:3
FNDA:11,(anonymous_0)
FNDA:8,(anonymous_1)
FNDA:8,(anonymous_2)
DA:2,1
DA:16,1
DA:38,1
DA:39,11
DA:40,11
DA:41,51
DA:42,8
DA:45,3
DA:49,8
DA:52,8
DA:53,8
DA:54,5
DA:55,5
DA:56,1
DA:58,5
DA:59,3
DA:60,0
DA:63,3
DA:64,3
DA:68,2
DA:70,5
DA:71,100
DA:72,5
DA:73,5
DA:77,5
DA:78,2
DA:80,5
DA:81,60
DA:82,5
DA:85,5
DA:87,3
DA:88,3
DA:89,3
DA:90,1
DA:92,3
DA:93,1
DA:94,1
DA:97,0
DA:98,0
DA:102,2
DA:104,3
DA:105,60
DA:106,3
DA:107,3
DA:111,3
DA:112,3
DA:114,3
DA:115,36
DA:116,3
DA:119,3
DA:121,8
LF:51
LH:48
BRDA:41,0,0,8
BRDA:41,0,1,43
BRDA:53,1,0,5
BRDA:53,1,1,3
BRDA:55,2,0,1
BRDA:55,2,1,4
BRDA:58,3,0,3
BRDA:58,3,1,2
BRDA:59,4,0,0
BRDA:59,4,1,3
BRDA:71,5,0,5
BRDA:71,5,1,95
BRDA:77,6,0,2
BRDA:77,6,1,3
BRDA:81,7,0,5
BRDA:81,7,1,55
BRDA:87,8,0,3
BRDA:87,8,1,0
BRDA:89,9,0,1
BRDA:89,9,1,2
BRDA:92,10,0,1
BRDA:92,10,1,2
BRDA:93,11,0,1
BRDA:93,11,1,0
BRDA:105,12,0,3
BRDA:105,12,1,57
BRDA:111,13,0,3
BRDA:111,13,1,0
BRDA:115,14,0,3
BRDA:115,14,1,33
BRF:30
BRH:26
end_of_record
TN:
SF:/home/rahuldas/Desktop/Converter/src/Decimal_Fraction.js
FN:24,(anonymous_0)
FN:34,(anonymous_1)
FN:37,(anonymous_2)
FNF:3
FNH:3
FNDA:6,(anonymous_0)
FNDA:3,(anonymous_1)
FNDA:3,(anonymous_2)
DA:2,1
DA:24,1
DA:25,6
DA:26,6
DA:27,19
DA:28,3
DA:31,3
DA:35,3
DA:38,3
DA:39,3
DA:40,1
DA:41,1
DA:42,1
DA:44,2
DA:45,1
DA:46,1
DA:47,1
DA:48,0
DA:49,0
DA:50,0
DA:53,0
DA:54,0
DA:58,0
DA:59,0
DA:60,0
DA:63,0
DA:64,0
DA:69,1
DA:71,1
DA:72,20
DA:73,1
DA:76,1
DA:78,1
DA:79,1
DA:80,1
DA:81,1
DA:82,20
DA:83,1
DA:86,1
LF:39
LH:29
BRDA:27,0,0,3
BRDA:27,0,1,16
BRDA:39,1,0,1
BRDA:39,1,1,2
BRDA:44,2,0,1
BRDA:44,2,1,1
BRDA:47,3,0,0
BRDA:47,3,1,1
BRDA:48,4,0,0
BRDA:48,4,1,0
BRDA:49,5,0,0
BRDA:49,5,1,0
BRDA:58,6,0,0
BRDA:58,6,1,0
BRDA:72,7,0,1
BRDA:72,7,1,19
BRDA:78,8,0,1
BRDA:78,8,1,0
BRDA:82,9,0,1
BRDA:82,9,1,19
BRF:20
BRH:12
end_of_record
TN:
SF:/home/rahuldas/Desktop/Converter/src/Phone_Number.js
FN:3,(anonymous_0)
FN:6,(anonymous_1)
FNF:2
FNH:2
FNDA:2,(anonymous_0)
FNDA:2,(anonymous_1)
DA:4,2
DA:7,2
DA:8,2
DA:9,26
DA:10,23
DA:13,3
DA:16,2
DA:17,2
LF:8
LH:8
BRDA:9,0,0,23
BRDA:9,0,1,3
BRF:2
BRH:2
end_of_record
TN:
SF:/home/rahuldas/Desktop/Converter/src/Suffix-Prefix.js
FN:27,(anonymous_0)
FN:30,(anonymous_1)
FNF:2
FNH:2
FNDA:7,(anonymous_0)
FNDA:7,(anonymous_1)
DA:2,1
DA:28,7
DA:31,7
DA:32,7
DA:33,3
DA:34,1
DA:35,0
DA:37,1
DA:38,20
DA:39,1
DA:44,2
DA:45,1
DA:47,2
DA:48,40
DA:49,2
DA:56,4
DA:57,4
DA:58,14
DA:59,5
DA:60,5
DA:61,2
DA:65,9
DA:66,7
DA:68,2
DA:69,0
DA:70,0
DA:73,2
DA:74,2
DA:79,7
LF:29
LH:26
BRDA:32,0,0,3
BRDA:32,0,1,4
BRDA:32,1,0,7
BRDA:32,1,1,6
BRDA:32,1,2,4
BRDA:32,1,3,4
BRDA:32,1,4,3
BRDA:33,2,0,1
BRDA:33,2,1,2
BRDA:34,3,0,0
BRDA:34,3,1,1
BRDA:38,4,0,1
BRDA:38,4,1,19
BRDA:44,5,0,1
BRDA:44,5,1,1
BRDA:48,6,0,2
BRDA:48,6,1,38
BRDA:58,7,0,5
BRDA:58,7,1,9
BRDA:60,8,0,2
BRDA:60,8,1,3
BRDA:65,9,0,7
BRDA:65,9,1,2
BRDA:68,10,0,0
BRDA:68,10,1,2
BRDA:68,11,0,2
BRDA:68,11,1,2
BRF:27
BRH:25
end_of_record
TN:
SF:/home/rahuldas/Desktop/Converter/src/Time.js
FN:2,(anonymous_0)
FN:10,(anonymous_1)
FN:41,(anonymous_2)
FN:44,(anonymous_3)
FNF:4
FNH:4
FNDA:68,(anonymous_0)
FNDA:11,(anonymous_1)
FNDA:2,(anonymous_2)
FNDA:2,(anonymous_3)
DA:2,1
DA:3,68
DA:4,136
DA:5,17
DA:8,51
DA:10,1
DA:11,11
DA:12,11
DA:13,11
DA:14,68
DA:15,17
DA:16,17
DA:17,17
DA:18,17
DA:19,17
DA:22,0
DA:23,0
DA:27,11
DA:28,11
DA:35,0
DA:42,2
DA:45,2
DA:46,2
DA:47,2
DA:52,2
DA:53,1
DA:54,3
DA:55,0
DA:56,0
DA:59,3
DA:60,3
DA:65,1
DA:66,2
DA:67,0
DA:70,2
DA:74,2
DA:77,0
LF:37
LH:30
BRDA:4,0,0,17
BRDA:4,0,1,119
BRDA:14,1,0,17
BRDA:14,1,1,51
BRDA:16,2,0,17
BRDA:16,2,1,0
BRDA:16,3,0,17
BRDA:16,3,1,6
BRDA:27,4,0,11
BRDA:27,4,1,0
BRDA:45,5,0,2
BRDA:45,5,1,0
BRDA:52,6,0,1
BRDA:52,6,1,1
BRDA:54,7,0,0
BRDA:54,7,1,3
BRDA:66,8,0,0
BRDA:66,8,1,2
BRF:18
BRH:13
end_of_record
TN:
SF:/home/rahuldas/Desktop/Converter/src/n2w.js
FN:68,(anonymous_0)
FNF:1
FNH:1
FNDA:53,(anonymous_0)
DA:1,6
DA:69,53
DA:70,53
DA:71,53
DA:72,102
DA:74,53
DA:75,102
DA:76,13
DA:77,364
DA:78,4
DA:82,89
DA:83,24
DA:84,14
DA:85,112
DA:86,10
DA:87,1
DA:90,9
DA:96,10
DA:97,10
DA:98,280
DA:99,10
DA:100,7
DA:101,7
DA:104,3
DA:105,3
DA:111,0
DA:112,0
DA:115,0
DA:121,65
DA:122,45
DA:123,1260
DA:124,45
DA:125,3
DA:128,42
DA:134,20
DA:135,3
DA:137,65
DA:138,390
DA:139,12
DA:140,12
DA:145,53
DA:146,53
DA:148,53
LF:43
LH:40
BRDA:75,0,0,13
BRDA:75,0,1,89
BRDA:77,1,0,4
BRDA:77,1,1,360
BRDA:82,2,0,24
BRDA:82,2,1,65
BRDA:83,3,0,14
BRDA:83,3,1,10
BRDA:85,4,0,10
BRDA:85,4,1,102
BRDA:86,5,0,1
BRDA:86,5,1,9
BRDA:86,6,0,10
BRDA:86,6,1,9
BRDA:96,7,0,10
BRDA:96,7,1,0
BRDA:98,8,0,10
BRDA:98,8,1,270
BRDA:99,9,0,7
BRDA:99,9,1,3
BRDA:99,10,0,10
BRDA:99,10,1,8
BRDA:111,11,0,0
BRDA:111,11,1,0
BRDA:111,12,0,0
BRDA:111,12,1,0
BRDA:121,13,0,45
BRDA:121,13,1,20
BRDA:123,14,0,45
BRDA:123,14,1,1215
BRDA:124,15,0,3
BRDA:124,15,1,42
BRDA:124,16,0,45
BRDA:124,16,1,45
BRDA:134,17,0,3
BRDA:134,17,1,17
BRDA:134,18,0,20
BRDA:134,18,1,10
BRDA:138,19,0,12
BRDA:138,19,1,378
BRDA:139,20,0,12
BRDA:139,20,1,0
BRDA:139,21,0,12
BRDA:139,21,1,1
BRDA:139,21,2,0
BRDA:145,22,0,53
BRDA:145,22,1,0
BRF:47
BRH:39
end_of_record
